<?xml version='1.0' encoding='UTF-8'?>
<testsuite hostname="Davids-iMac-6.local" name="com.github.api.search.repositories.GithubSearchSpec" tests="4" errors="0" failures="2" skipped="0" time="1.618">
                     <properties>
[...]
</properties>
                     <testcase classname="com.github.api.search.repositories.GithubSearchSpec" name="Searching repos for a user should find repos by author name" time="0.014">
                                                 
                                               </testcase><testcase classname="com.github.api.search.repositories.GithubSearchSpec" name="Searching repos within scope should find repos based on searching contentLocation" time="0.621">
                                                 <failure message="JsResultException(errors:List((,List(JsonValidationError(List('name' is undefined on object: {&quot;total_count&quot;:157472,&quot;incomplete_results&quot;:false,&quot;items&quot;:[{&quot;id&quot;:167174,&quot;name&quot;:&quot;jquery&quot;,&quot;full_name&quot;:&quot;jquery/jquery&quot;,&quot;owner&quot;:{&quot;login&quot;:&quot;jquery&quot;,&quot;id&quot;:70142,&quot;avatar_url&quot;:&quot;https://avatars1.githubusercontent.com/u/70142?v=4&quot;,&quot;gravatar_id&quot;:&quot;&quot;,&quot;url&quot;:&quot;https://api.github.com/users/jquery&quot;,&quot;html_url&quot;:&quot;https://github.com/jquery&quot;,&quot;followers_url&quot;:&quot;https://api.github.com/users/jquery/followers&quot;,&quot;following_url&quot;:&quot;https://api.github.com/users/jquery/following{/other_user}&quot;,&quot;gists_url&quot;:&quot;https://api.github.com/users/jquery/gists{/gist_id}&quot;,&quot;starred_url&quot;:&quot;https://api.github.com/users/jquery/starred{/owner}{/repo}&quot;,&quot;subscriptions_url&quot;:&quot;https://api.github.com/users/jquery/subscriptions&quot;,&quot;organizations_url&quot;:&quot;https://api.github.com/users/jquery/orgs&quot;,&quot;repos_url&quot;:&quot;https://api.github.com/users/jquery/repos&quot;,&quot;events_url&quot;:&quot;https://api.github.com/users/jquery/events{/privacy}&quot;,&quot;received_events_url&quot;:&quot;https://api.github.com/users/jquery/received_events&quot;,&quot;type&quot;:&quot;Organization&quot;,&quot;site_admin&quot;:false},&quot;private&quot;:false,&quot;html_url&quot;:&quot;https://github.com/jquery/jquery&quot;,&quot;description&quot;:&quot;jQuery JavaScript Library&quot;,&quot;fork&quot;:false,&quot;url&quot;:&quot;https://api.github.com/repos/jquery/jquery&quot;,&quot;forks_url&quot;:&quot;https://api.github.com/repos/jquery/jquery/forks&quot;,&quot;keys_url&quot;:&quot;https://api.github.com/repos/jquery/jquery/keys{/key_id}&quot;,&quot;collaborators_url&quot;:&quot;https://api.github.com/repos/jquery/jquery/collaborators{/collaborator}&quot;,&quot;teams_url&quot;:&quot;https://api.github.com/repos/jquery/jquery/teams&quot;,&quot;hooks_url&quot;:&quot;https://api.github.com/repos/jquery/jquery/hooks&quot;,&quot;issue_events_url&quot;:&quot;https://api.github.com/repos/jquery/jquery/issues/events{/number}&quot;,&quot;events_url&quot;:&quot;https://api.github.com/repos/jquery/jquery/events&quot;,&quot;assignees_url&quot;:&quot;https://api.github.com/repos/jquery/jquery/assignees{/user}&quot;,&quot;branches_url&quot;:&quot;https://api.github.com/repos/jquery/jquery/branches{/branch}&quot;,&quot;tags_url&quot;:&quot;https://api.github.com/repos/jquery/jquery/tags&quot;,&quot;blobs_url&quot;:&quot;https://api.github.com/repos/jquery/jquery/git/blobs{/sha}&quot;,&quot;git_tags_url&quot;:&quot;https://api.github.com/repos/jquery/jquery/git/tags{/sha}&quot;,&quot;git_refs_url&quot;:&quot;https://api.github.com/repos/jquery/jquery/git/refs{/sha}&quot;,&quot;trees_url&quot;:&quot;https://api.github.com/repos/jquery/jquery/git/trees{/sha}&quot;,&quot;statuses_url&quot;:&quot;https://api.github.com/repos/jquery/jquery/statuses/{sha}&quot;,&quot;languages_url&quot;:&quot;https://api.github.com/repos/jquery/jquery/languages&quot;,&quot;stargazers_url&quot;:&quot;https://api.github.com/repos/jquery/jquery/stargazers&quot;,&quot;contributors_url&quot;:&quot;https://api.github.com/repos/jquery/jquery/contributors&quot;,&quot;subscribers_url&quot;:&quot;https://api.github.com/repos/jquery/jquery/subscribers&quot;,&quot;subscription_url&quot;:&quot;https://api.github.com/repos/jquery/jquery/subscription&quot;,&quot;commits_url&quot;:&quot;https://api.github.com/repos/jquery/jquery/commits{/sha}&quot;,&quot;git_commits_url&quot;:&quot;https://api.github.com/repos/jquery/jquery/git/commits{/sha}&quot;,&quot;comments_url&quot;:&quot;https://api.github.com/repos/jquery/jquery/comments{/number}&quot;,&quot;issue_comment_url&quot;:&quot;https://api.github.com/repos/jquery/jquery/issues/comments{/number}&quot;,&quot;contents_url&quot;:&quot;https://api.github.com/repos/jquery/jquery/contents/{+path}&quot;,&quot;compare_url&quot;:&quot;https://api.github.com/repos/jquery/jquery/compare/{base}...{head}&quot;,&quot;merges_url&quot;:&quot;https://api.github.com/repos/jquery/jquery/merges&quot;,&quot;archive_url&quot;:&quot;https://api.github.com/repos/jquery/jquery/{archive_format}{/ref}&quot;,&quot;downloads_url&quot;:&quot;https://api.github.com/repos/jquery/jquery/downloads&quot;,&quot;issues_url&quot;:&quot;https://api.github.com/repos/jquery/jquery/issues{/number}&quot;,&quot;pulls_url&quot;:&quot;https://api.github.com/repos/jquery/jquery/pulls{/number}&quot;,&quot;milestones_url&quot;:&quot;https://api.github.com/repos/jquery/jquery/milestones{/number}&quot;,&quot;notifications_url&quot;:&quot;https://api.github.com/repos/jquery/jquery/notifications{?since,all,participating}&quot;,&quot;labels_url&quot;:&quot;https://api.github.com/repos/jquery/jquery/labels{/name}&quot;,&quot;releases_url&quot;:&quot;https://api.github.com/repos/jquery/jquery/releases{/id}&quot;,&quot;deployments_url&quot;:&quot;https://api.github.com/repos/jquery/jquery/deployments&quot;,&quot;created_at&quot;:&quot;2009-04-03T15:20:14Z&quot;,&quot;updated_at&quot;:&quot;2018-05-17T00:28:52Z&quot;,&quot;pushed_at&quot;:&quot;2018-05-15T19:41:04Z&quot;,&quot;git_url&quot;:&quot;git://github.com/jquery/jquery.git&quot;,&quot;ssh_url&quot;:&quot;git@github.com:jquery/jquery.git&quot;,&quot;clone_url&quot;:&quot;https://github.com/jquery/jquery.git&quot;,&quot;svn_url&quot;:&quot;https://github.com/jquery/jquery&quot;,&quot;homepage&quot;:&quot;https://jquery.com/&quot;,&quot;size&quot;:27845,&quot;stargazers_count&quot;:48951,&quot;watchers_count&quot;:48951,&quot;language&quot;:&quot;JavaScript&quot;,&quot;has_issues&quot;:true,&quot;has_projects&quot;:true,&quot;has_downloads&quot;:false,&quot;has_wiki&quot;:true,&quot;has_pages&quot;:false,&quot;forks_count&quot;:15588,&quot;mirror_url&quot;:null,&quot;archived&quot;:false,&quot;open_issues_count&quot;:90,&quot;license&quot;:{&quot;key&quot;:&quot;mit&quot;,&quot;name&quot;:&quot;MIT License&quot;,&quot;spdx_id&quot;:&quot;MIT&quot;,&quot;url&quot;:&quot;https://api.github.com/licenses/mit&quot;},&quot;forks&quot;:15588,&quot;open_issues&quot;:90,&quot;watchers&quot;:48951,&quot;default_branch&quot;:&quot;master&quot;,&quot;score&quot;:145.72144},{&quot;id&quot;:15890297,&quot;name&quot;:&quot;jQuery&quot;,&quot;full_name&quot;:&quot;JsAaron/jQuery&quot;,&quot;owner&quot;:{&quot;login&quot;:&quot;JsAaron&quot;,&quot;id&quot;:5181363,&quot;avatar_url&quot;:&quot;https://avatars1.githubusercontent.com/u/5181363?v=4&quot;,&quot;gravatar_id&quot;:&quot;&quot;,&quot;url&quot;:&quot;https://api.github.com/users/JsAaron&quot;,&quot;html_url&quot;:&quot;https://github.com/JsAaron&quot;,&quot;followers_url&quot;:&quot;https://api.github.com/users/JsAaron/followers&quot;,&quot;following_url&quot;:&quot;https://api.github.com/users/JsAaron/following{/other_user}&quot;,&quot;gists_url&quot;:&quot;https://api.github.com/users/JsAaron/gists{/gist_id}&quot;,&quot;starred_url&quot;:&quot;https://api.github.com/users/JsAaron/starred{/owner}{/repo}&quot;,&quot;subscriptions_url&quot;:&quot;https://api.github.com/users/JsAaron/subscriptions&quot;,&quot;organizations_url&quot;:&quot;https://api.github.com/users/JsAaron/orgs&quot;,&quot;repos_url&quot;:&quot;https://api.github.com/users/JsAaron/repos&quot;,&quot;events_url&quot;:&quot;https://api.github.com/users/JsAaron/events{/privacy}&quot;,&quot;received_events_url&quot;:&quot;https://api.github.com/users/JsAaron/received_events&quot;,&quot;type&quot;:&quot;User&quot;,&quot;site_admin&quot;:false},&quot;private&quot;:false,&quot;html_url&quot;:&quot;https://github.com/JsAaron/jQuery&quot;,&quot;description&quot;:&quot;前端JQuery系列&quot;,&quot;fork&quot;:false,&quot;url&quot;:&quot;https://api.github.com/repos/JsAaron/jQuery&quot;,&quot;forks_url&quot;:&quot;https://api.github.com/repos/JsAaron/jQuery/forks&quot;,&quot;keys_url&quot;:&quot;https://api.github.com/repos/JsAaron/jQuery/keys{/key_id}&quot;,&quot;collaborators_url&quot;:&quot;https://api.github.com/repos/JsAaron/jQuery/collaborators{/collaborator}&quot;,&quot;teams_url&quot;:&quot;https://api.github.com/repos/JsAaron/jQuery/teams&quot;,&quot;hooks_url&quot;:&quot;https://api.github.com/repos/JsAaron/jQuery/hooks&quot;,&quot;issue_events_url&quot;:&quot;https://api.github.com/repos/JsAaron/jQuery/issues/events{/number}&quot;,&quot;events_url&quot;:&quot;https://api.github.com/repos/JsAaron/jQuery/events&quot;,&quot;assignees_url&quot;:&quot;https://api.github.com/repos/JsAaron/jQuery/assignees{/user}&quot;,&quot;branches_url&quot;:&quot;https://api.github.com/repos/JsAaron/jQuery/branches{/branch}&quot;,&quot;tags_url&quot;:&quot;https://api.github.com/repos/JsAaron/jQuery/tags&quot;,&quot;blobs_url&quot;:&quot;https://api.github.com/repos/JsAaron/jQuery/git/blobs{/sha}&quot;,&quot;git_tags_url&quot;:&quot;https://api.github.com/repos/JsAaron/jQuery/git/tags{/sha}&quot;,&quot;git_refs_url&quot;:&quot;https://api.github.com/repos/JsAaron/jQuery/git/refs{/sha}&quot;,&quot;trees_url&quot;:&quot;https://api.github.com/repos/JsAaron/jQuery/git/trees{/sha}&quot;,&quot;statuses_url&quot;:&quot;https://api.github.com/repos/JsAaron/jQuery/statuses/{sha}&quot;,&quot;languages_url&quot;:&quot;https://api.github.com/repos/JsAaron/jQuery/languages&quot;,&quot;stargazers_url&quot;:&quot;https://api.github.com/repos/JsAaron/jQuery/stargazers&quot;,&quot;contributors_url&quot;:&quot;https://api.github.com/repos/JsAaron/jQuery/contributors&quot;,&quot;subscribers_url&quot;:&quot;https://api.github.com/repos/JsAaron/jQuery/subscribers&quot;,&quot;subscription_url&quot;:&quot;https://api.github.com/repos/JsAaron/jQuery/subscription&quot;,&quot;commits_url&quot;:&quot;https://api.github.com/repos/JsAaron/jQuery/commits{/sha}&quot;,&quot;git_commits_url&quot;:&quot;https://api.github.com/repos/JsAaron/jQuery/git/commits{/sha}&quot;,&quot;comments_url&quot;:&quot;https://api.github.com/repos/JsAaron/jQuery/comments{/number}&quot;,&quot;issue_comment_url&quot;:&quot;https://api.github.com/repos/JsAaron/jQuery/issues/comments{/number}&quot;,&quot;contents_url&quot;:&quot;https://api.github.com/repos/JsAaron/jQuery/contents/{+path}&quot;,&quot;compare_url&quot;:&quot;https://api.github.com/repos/JsAaron/jQuery/compare/{base}...{head}&quot;,&quot;merges_url&quot;:&quot;https://api.github.com/repos/JsAaron/jQuery/merges&quot;,&quot;archive_url&quot;:&quot;https://api.github.com/repos/JsAaron/jQuery/{archive_format}{/ref}&quot;,&quot;downloads_url&quot;:&quot;https://api.github.com/repos/JsAaron/jQuery/downloads&quot;,&quot;issues_url&quot;:&quot;https://api.github.com/repos/JsAaron/jQuery/issues{/number}&quot;,&quot;pulls_url&quot;:&quot;https://api.github.com/repos/JsAaron/jQuery/pulls{/number}&quot;,&quot;milestones_url&quot;:&quot;https://api.github.com/repos/JsAaron/jQuery/milestones{/number}&quot;,&quot;notifications_url&quot;:&quot;https://api.github.com/repos/JsAaron/jQuery/notifications{?since,all,participating}&quot;,&quot;labels_url&quot;:&quot;https://api.github.com/repos/JsAaron/jQuery/labels{/name}&quot;,&quot;releases_url&quot;:&quot;https://api.github.com/repos/JsAaron/jQuery/releases{/id}&quot;,&quot;deployments_url&quot;:&quot;https://api.github.com/repos/JsAaron/jQuery/deployments&quot;,&quot;created_at&quot;:&quot;2014-01-14T03:09:44Z&quot;,&quot;updated_at&quot;:&quot;2018-05-16T02:57:39Z&quot;,&quot;pushed_at&quot;:&quot;2018-04-08T01:53:17Z&quot;,&quot;git_url&quot;:&quot;git://github.com/JsAaron/jQuery.git&quot;,&quot;ssh_url&quot;:&quot;git@github.com:JsAaron/jQuery.git&quot;,&quot;clone_url&quot;:&quot;https://github.com/JsAaron/jQuery.git&quot;,&quot;svn_url&quot;:&quot;https://github.com/JsAaron/jQuery&quot;,&quot;homepage&quot;:&quot;&quot;,&quot;size&quot;:11386,&quot;stargazers_count&quot;:2730,&quot;watchers_count&quot;:2730,&quot;language&quot;:&quot;JavaScript&quot;,&quot;has_issues&quot;:true,&quot;has_projects&quot;:true,&quot;has_downloads&quot;:true,&quot;has_wiki&quot;:true,&quot;has_pages&quot;:false,&quot;forks_count&quot;:1212,&quot;mirror_url&quot;:null,&quot;archived&quot;:false,&quot;open_issues_count&quot;:12,&quot;license&quot;:null,&quot;forks&quot;:1212,&quot;open_issues&quot;:12,&quot;watchers&quot;:2730,&quot;default_branch&quot;:&quot;master&quot;,&quot;score&quot;:110.27772},{&quot;id&quot;:7239136,&quot;name&quot;:&quot;jquery&quot;,&quot;full_name&quot;:&quot;360code/jquery&quot;,&quot;owner&quot;:{&quot;login&quot;:&quot;360code&quot;,&quot;id&quot;:3079585,&quot;avatar_url&quot;:&quot;https://avatars2.githubusercontent.com/u/3079585?v=4&quot;,&quot;gravatar_id&quot;:&quot;&quot;,&quot;url&quot;:&quot;https://api.github.com/users/360code&quot;,&quot;html_url&quot;:&quot;https://github.com/360code&quot;,&quot;followers_url&quot;:&quot;https://api.github.com/users/360code/followers&quot;,&quot;following_url&quot;:&quot;https://api.github.com/users/360code/following{/other_user}&quot;,&quot;gists_url&quot;:&quot;https://api.github.com/users/360code/gists{/gist_id}&quot;,&quot;starred_url&quot;:&quot;https://api.github.com/users/360code/starred{/owner}{/repo}&quot;,&quot;subscriptions_url&quot;:&quot;https://api.github.com/users/360code/subscriptions&quot;,&quot;organizations_url&quot;:&quot;https://api.github.com/users/360code/orgs&quot;,&quot;repos_url&quot;:&quot;https://api.github.com/users/360code/repos&quot;,&quot;events_url&quot;:&quot;https://api.github.com/users/360code/events{/privacy}&quot;,&quot;received_events_url&quot;:&quot;https://api.github.com/users/360code/received_events&quot;,&quot;type&quot;:&quot;Organization&quot;,&quot;site_admin&quot;:false},&quot;private&quot;:false,&quot;html_url&quot;:&quot;https://github.com/360code/jquery&quot;,&quot;description&quot;:&quot;基于jquery1.8.3，分析每个模块代码，了解其实现和设计，让我们在使用jQuery过程中，能够知其然，知其所以然，同时把jQuery不错的设计和实现引入到工作中来。&quot;,&quot;fork&quot;:false,&quot;url&quot;:&quot;https://api.github.com/repos/360code/jquery&quot;,&quot;forks_url&quot;:&quot;https://api.github.com/repos/360code/jquery/forks&quot;,&quot;keys_url&quot;:&quot;https://api.github.com/repos/360code/jquery/keys{/key_id}&quot;,&quot;collaborators_url&quot;:&quot;https://api.github.com/repos/360code/jquery/collaborators{/collaborator}&quot;,&quot;teams_url&quot;:&quot;https://api.github.com/repos/360code/jquery/teams&quot;,&quot;hooks_url&quot;:&quot;https://api.github.com/repos/360code/jquery/hooks&quot;,&quot;issue_events_url&quot;:&quot;https://api.github.com/repos/360code/jquery/issues/events{/number}&quot;,&quot;events_url&quot;:&quot;https://api.github.com/repos/360code/jquery/events&quot;,&quot;assignees_url&quot;:&quot;https://api.github.com/repos/360code/jquery/assignees{/user}&quot;,&quot;branches_url&quot;:&quot;https://api.github.com/repos/360code/jquery/branches{/branch}&quot;,&quot;tags_url&quot;:&quot;https://api.github.com/repos/360code/jquery/tags&quot;,&quot;blobs_url&quot;:&quot;https://api.github.com/repos/360code/jquery/git/blobs{/sha}&quot;,&quot;git_tags_url&quot;:&quot;https://api.github.com/repos/360code/jquery/git/tags{/sha}&quot;,&quot;git_refs_url&quot;:&quot;https://api.github.com/repos/360code/jquery/git/refs{/sha}&quot;,&quot;trees_url&quot;:&quot;https://api.github.com/repos/360code/jquery/git/trees{/sha}&quot;,&quot;statuses_url&quot;:&quot;https://api.github.com/repos/360code/jquery/statuses/{sha}&quot;,&quot;languages_url&quot;:&quot;https://api.github.com/repos/360code/jquery/languages&quot;,&quot;stargazers_url&quot;:&quot;https://api.github.com/repos/360code/jquery/stargazers&quot;,&quot;contributors_url&quot;:&quot;https://api.github.com/repos/360code/jquery/contributors&quot;,&quot;subscribers_url&quot;:&quot;https://api.github.com/repos/360code/jquery/subscribers&quot;,&quot;subscription_url&quot;:&quot;https://api.github.com/repos/360code/jquery/subscription&quot;,&quot;commits_url&quot;:&quot;https://api.github.com/repos/360code/jquery/commits{/sha}&quot;,&quot;git_commits_url&quot;:&quot;https://api.github.com/repos/360code/jquery/git/commits{/sha}&quot;,&quot;comments_url&quot;:&quot;https://api.github.com/repos/360code/jquery/comments{/number}&quot;,&quot;issue_comment_url&quot;:&quot;https://api.github.com/repos/360code/jquery/issues/comments{/number}&quot;,&quot;contents_url&quot;:&quot;https://api.github.com/repos/360code/jquery/contents/{+path}&quot;,&quot;compare_url&quot;:&quot;https://api.github.com/repos/360code/jquery/compare/{base}...{head}&quot;,&quot;merges_url&quot;:&quot;https://api.github.com/repos/360code/jquery/merges&quot;,&quot;archive_url&quot;:&quot;https://api.github.com/repos/360code/jquery/{archive_format}{/ref}&quot;,&quot;downloads_url&quot;:&quot;https://api.github.com/repos/360code/jquery/downloads&quot;,&quot;issues_url&quot;:&quot;https://api.github.com/repos/360code/jquery/issues{/number}&quot;,&quot;pulls_url&quot;:&quot;https://api.github.com/repos/360code/jquery/pulls{/number}&quot;,&quot;milestones_url&quot;:&quot;https://api.github.com/repos/360code/jquery/milestones{/number}&quot;,&quot;notifications_url&quot;:&quot;https://api.github.com/repos/360code/jquery/notifications{?since,all,participating}&quot;,&quot;labels_url&quot;:&quot;https://api.github.com/repos/360code/jquery/labels{/name}&quot;,&quot;releases_url&quot;:&quot;https://api.github.com/repos/360code/jquery/releases{/id}&quot;,&quot;deployments_url&quot;:&quot;https://api.github.com/repos/360code/jquery/deployments&quot;,&quot;created_at&quot;:&quot;2012-12-19T10:52:55Z&quot;,&quot;updated_at&quot;:&quot;2018-05-14T14:51:06Z&quot;,&quot;pushed_at&quot;:&quot;2018-03-29T09:35:00Z&quot;,&quot;git_url&quot;:&quot;git://github.com/360code/jquery.git&quot;,&quot;ssh_url&quot;:&quot;git@github.com:360code/jquery.git&quot;,&quot;clone_url&quot;:&quot;https://github.com/360code/jquery.git&quot;,&quot;svn_url&quot;:&quot;https://github.com/360code/jquery&quot;,&quot;homepage&quot;:&quot;&quot;,&quot;size&quot;:749,&quot;stargazers_count&quot;:301,&quot;watchers_count&quot;:301,&quot;language&quot;:&quot;JavaScript&quot;,&quot;has_issues&quot;:true,&quot;has_projects&quot;:true,&quot;has_downloads&quot;:true,&quot;has_wiki&quot;:true,&quot;has_pages&quot;:true,&quot;forks_count&quot;:154,&quot;mirror_url&quot;:null,&quot;archived&quot;:false,&quot;open_issues_count&quot;:1,&quot;license&quot;:null,&quot;forks&quot;:154,&quot;open_issues&quot;:1,&quot;watchers&quot;:301,&quot;default_branch&quot;:&quot;master&quot;,&quot;score&quot;:81.05982},{&quot;id&quot;:10700071,&quot;name&quot;:&quot;jquery-gridly&quot;,&quot;full_name&quot;:&quot;ksylvest/jquery-gridly&quot;,&quot;owner&quot;:{&quot;login&quot;:&quot;ksylvest&quot;,&quot;id&quot;:73432,&quot;avatar_url&quot;:&quot;https://avatars1.githubusercontent.com/u/73432?v=4&quot;,&quot;gravatar_id&quot;:&quot;&quot;,&quot;url&quot;:&quot;https://api.github.com/users/ksylvest&quot;,&quot;html_url&quot;:&quot;https://github.com/ksylvest&quot;,&quot;followers_url&quot;:&quot;https://api.github.com/users/ksylvest/followers&quot;,&quot;following_url&quot;:&quot;https://api.github.com/users/ksylvest/following{/other_user}&quot;,&quot;gists_url&quot;:&quot;https://api.github.com/users/ksylvest/gists{/gist_id}&quot;,&quot;starred_url&quot;:&quot;https://api.github.com/users/ksylvest/starred{/owner}{/repo}&quot;,&quot;subscriptions_url&quot;:&quot;https://api.github.com/users/ksylvest/subscriptions&quot;,&quot;organizations_url&quot;:&quot;https://api.github.com/users/ksylvest/orgs&quot;,&quot;repos_url&quot;:&quot;https://api.github.com/users/ksylvest/repos&quot;,&quot;events_url&quot;:&quot;https://api.github.com/users/ksylvest/events{/privacy}&quot;,&quot;received_events_url&quot;:&quot;https://api.github.com/users/ksylvest/received_events&quot;,&quot;type&quot;:&quot;User&quot;,&quot;site_admin&quot;:false},&quot;private&quot;:false,&quot;html_url&quot;:&quot;https://github.com/ksylvest/jquery-gridly&quot;,&quot;description&quot;:&quot;Gridly is a jQuery plugin to enable dragging and dropping as well as resizing on a grid.&quot;,&quot;fork&quot;:false,&quot;url&quot;:&quot;https://api.github.com/repos/ksylvest/jquery-gridly&quot;,&quot;forks_url&quot;:&quot;https://api.github.com/repos/ksylvest/jquery-gridly/forks&quot;,&quot;keys_url&quot;:&quot;https://api.github.com/repos/ksylvest/jquery-gridly/keys{/key_id}&quot;,&quot;collaborators_url&quot;:&quot;https://api.github.com/repos/ksylvest/jquery-gridly/collaborators{/collaborator}&quot;,&quot;teams_url&quot;:&quot;https://api.github.com/repos/ksylvest/jquery-gridly/teams&quot;,&quot;hooks_url&quot;:&quot;https://api.github.com/repos/ksylvest/jquery-gridly/hooks&quot;,&quot;issue_events_url&quot;:&quot;https://api.github.com/repos/ksylvest/jquery-gridly/issues/events{/number}&quot;,&quot;events_url&quot;:&quot;https://api.github.com/repos/ksylvest/jquery-gridly/events&quot;,&quot;assignees_url&quot;:&quot;https://api.github.com/repos/ksylvest/jquery-gridly/assignees{/user}&quot;,&quot;branches_url&quot;:&quot;https://api.github.com/repos/ksylvest/jquery-gridly/branches{/branch}&quot;,&quot;tags_url&quot;:&quot;https://api.github.com/repos/ksylvest/jquery-gridly/tags&quot;,&quot;blobs_url&quot;:&quot;https://api.github.com/repos/ksylvest/jquery-gridly/git/blobs{/sha}&quot;,&quot;git_tags_url&quot;:&quot;https://api.github.com/repos/ksylvest/jquery-gridly/git/tags{/sha}&quot;,&quot;git_refs_url&quot;:&quot;https://api.github.com/repos/ksylvest/jquery-gridly/git/refs{/sha}&quot;,&quot;trees_url&quot;:&quot;https://api.github.com/repos/ksylvest/jquery-gridly/git/trees{/sha}&quot;,&quot;statuses_url&quot;:&quot;https://api.github.com/repos/ksylvest/jquery-gridly/statuses/{sha}&quot;,&quot;languages_url&quot;:&quot;https://api.github.com/repos/ksylvest/jquery-gridly/languages&quot;,&quot;stargazers_url&quot;:&quot;https://api.github.com/repos/ksylvest/jquery-gridly/stargazers&quot;,&quot;contributors_url&quot;:&quot;https://api.github.com/repos/ksylvest/jquery-gridly/contributors&quot;,&quot;subscribers_url&quot;:&quot;https://api.github.com/repos/ksylvest/jquery-gridly/subscribers&quot;,&quot;subscription_url&quot;:&quot;https://api.github.com/repos/ksylvest/jquery-gridly/subscription&quot;,&quot;commits_url&quot;:&quot;https://api.github.com/repos/ksylvest/jquery-gridly/commits{/sha}&quot;,&quot;git_commits_url&quot;:&quot;https://api.github.com/repos/ksylvest/jquery-gridly/git/commits{/sha}&quot;,&quot;comments_url&quot;:&quot;https://api.github.com/repos/ksylvest/jquery-gridly/comments{/number}&quot;,&quot;issue_comment_url&quot;:&quot;https://api.github.com/repos/ksylvest/jquery-gridly/issues/comments{/number}&quot;,&quot;contents_url&quot;:&quot;https://api.github.com/repos/ksylvest/jquery-gridly/contents/{+path}&quot;,&quot;compare_url&quot;:&quot;https://api.github.com/repos/ksylvest/jquery-gridly/compare/{base}...{head}&quot;,&quot;merges_url&quot;:&quot;https://api.github.com/repos/ksylvest/jquery-gridly/merges&quot;,&quot;archive_url&quot;:&quot;https://api.github.com/repos/ksylvest/jquery-gridly/{archive_format}{/ref}&quot;,&quot;downloads_url&quot;:&quot;https://api.github.com/repos/ksylvest/jquery-gridly/downloads&quot;,&quot;issues_url&quot;:&quot;https://api.github.com/repos/ksylvest/jquery-gridly/issues{/number}&quot;,&quot;pulls_url&quot;:&quot;https://api.github.com/repos/ksylvest/jquery-gridly/pulls{/number}&quot;,&quot;milestones_url&quot;:&quot;https://api.github.com/repos/ksylvest/jquery-gridly/milestones{/number}&quot;,&quot;notifications_url&quot;:&quot;https://api.github.com/repos/ksylvest/jquery-gridly/notifications{?since,all,participating}&quot;,&quot;labels_url&quot;:&quot;https://api.github.com/repos/ksylvest/jquery-gridly/labels{/name}&quot;,&quot;releases_url&quot;:&quot;https://api.github.com/repos/ksylvest/jquery-gridly/releases{/id}&quot;,&quot;deployments_url&quot;:&quot;https://api.github.com/repos/ksylvest/jquery-gridly/deployments&quot;,&quot;created_at&quot;:&quot;2013-06-15T00:07:50Z&quot;,&quot;updated_at&quot;:&quot;2018-05-14T00:17:50Z&quot;,&quot;pushed_at&quot;:&quot;2017-04-07T05:06:19Z&quot;,&quot;git_url&quot;:&quot;git://github.com/ksylvest/jquery-gridly.git&quot;,&quot;ssh_url&quot;:&quot;git@github.com:ksylvest/jquery-gridly.git&quot;,&quot;clone_url&quot;:&quot;https://github.com/ksylvest/jquery-gridly.git&quot;,&quot;svn_url&quot;:&quot;https://github.com/ksylvest/jquery-gridly&quot;,&quot;homepage&quot;:&quot;http://ksylvest.github.io/jquery-gridly/&quot;,&quot;size&quot;:402,&quot;stargazers_count&quot;:779,&quot;watchers_count&quot;:779,&quot;language&quot;:&quot;CSS&quot;,&quot;has_issues&quot;:true,&quot;has_projects&quot;:true,&quot;has_downloads&quot;:true,&quot;has_wiki&quot;:true,&quot;has_pages&quot;:true,&quot;forks_count&quot;:263,&quot;mirror_url&quot;:null,&quot;archived&quot;:false,&quot;open_issues_count&quot;:13,&quot;license&quot;:{&quot;key&quot;:&quot;mit&quot;,&quot;name&quot;:&quot;MIT License&quot;,&quot;spdx_id&quot;:&quot;MIT&quot;,&quot;url&quot;:&quot;https://api.github.com/licenses/mit&quot;},&quot;forks&quot;:263,&quot;open_issues&quot;:13,&quot;watchers&quot;:779,&quot;default_branch&quot;:&quot;master&quot;,&quot;score&quot;:77.63056},{&quot;id&quot;:5700916,&quot;name&quot;:&quot;jquery&quot;,&quot;full_name&quot;:&quot;components/jquery&quot;,&quot;owner&quot;:{&quot;login&quot;:&quot;components&quot;,&quot;id&quot;:2160696,&quot;avatar_url&quot;:&quot;https://avatars0.githubusercontent.com/u/2160696?v=4&quot;,&quot;gravatar_id&quot;:&quot;&quot;,&quot;url&quot;:&quot;https://api.github.com/users/components&quot;,&quot;html_url&quot;:&quot;https://github.com/components&quot;,&quot;followers_url&quot;:&quot;https://api.github.com/users/components/followers&quot;,&quot;following_url&quot;:&quot;https://api.github.com/users/components/following{/other_user}&quot;,&quot;gists_url&quot;:&quot;https://api.github.com/users/components/gists{/gist_id}&quot;,&quot;starred_url&quot;:&quot;https://api.github.com/users/components/starred{/owner}{/repo}&quot;,&quot;subscriptions_url&quot;:&quot;https://api.github.com/users/components/subscriptions&quot;,&quot;organizations_url&quot;:&quot;https://api.github.com/users/components/orgs&quot;,&quot;repos_url&quot;:&quot;https://api.github.com/users/components/repos&quot;,&quot;events_url&quot;:&quot;https://api.github.com/users/components/events{/privacy}&quot;,&quot;received_events_url&quot;:&quot;https://api.github.com/users/components/received_events&quot;,&quot;type&quot;:&quot;Organization&quot;,&quot;site_admin&quot;:false},&quot;private&quot;:false,&quot;html_url&quot;:&quot;https://github.com/components/jquery&quot;,&quot;description&quot;:&quot;Shim repository for jQuery.&quot;,&quot;fork&quot;:false,&quot;url&quot;:&quot;https://api.github.com/repos/components/jquery&quot;,&quot;forks_url&quot;:&quot;https://api.github.com/repos/components/jquery/forks&quot;,&quot;keys_url&quot;:&quot;https://api.github.com/repos/components/jquery/keys{/key_id}&quot;,&quot;collaborators_url&quot;:&quot;https://api.github.com/repos/components/jquery/collaborators{/collaborator}&quot;,&quot;teams_url&quot;:&quot;https://api.github.com/repos/components/jquery/teams&quot;,&quot;hooks_url&quot;:&quot;https://api.github.com/repos/components/jquery/hooks&quot;,&quot;issue_events_url&quot;:&quot;https://api.github.com/repos/components/jquery/issues/events{/number}&quot;,&quot;events_url&quot;:&quot;https://api.github.com/repos/components/jquery/events&quot;,&quot;assignees_url&quot;:&quot;https://api.github.com/repos/components/jquery/assignees{/user}&quot;,&quot;branches_url&quot;:&quot;https://api.github.com/repos/components/jquery/branches{/branch}&quot;,&quot;tags_url&quot;:&quot;https://api.github.com/repos/components/jquery/tags&quot;,&quot;blobs_url&quot;:&quot;https://api.github.com/repos/components/jquery/git/blobs{/sha}&quot;,&quot;git_tags_url&quot;:&quot;https://api.github.com/repos/components/jquery/git/tags{/sha}&quot;,&quot;git_refs_url&quot;:&quot;https://api.github.com/repos/components/jquery/git/refs{/sha}&quot;,&quot;trees_url&quot;:&quot;https://api.github.com/repos/components/jquery/git/trees{/sha}&quot;,&quot;statuses_url&quot;:&quot;https://api.github.com/repos/components/jquery/statuses/{sha}&quot;,&quot;languages_url&quot;:&quot;https://api.github.com/repos/components/jquery/languages&quot;,&quot;stargazers_url&quot;:&quot;https://api.github.com/repos/components/jquery/stargazers&quot;,&quot;contributors_url&quot;:&quot;https://api.github.com/repos/components/jquery/contributors&quot;,&quot;subscribers_url&quot;:&quot;https://api.github.com/repos/components/jquery/subscribers&quot;,&quot;subscription_url&quot;:&quot;https://api.github.com/repos/components/jquery/subscription&quot;,&quot;commits_url&quot;:&quot;https://api.github.com/repos/components/jquery/commits{/sha}&quot;,&quot;git_commits_url&quot;:&quot;https://api.github.com/repos/components/jquery/git/commits{/sha}&quot;,&quot;comments_url&quot;:&quot;https://api.github.com/repos/components/jquery/comments{/number}&quot;,&quot;issue_comment_url&quot;:&quot;https://api.github.com/repos/components/jquery/issues/comments{/number}&quot;,&quot;contents_url&quot;:&quot;https://api.github.com/repos/components/jquery/contents/{+path}&quot;,&quot;compare_url&quot;:&quot;https://api.github.com/repos/components/jquery/compare/{base}...{head}&quot;,&quot;merges_url&quot;:&quot;https://api.github.com/repos/components/jquery/merges&quot;,&quot;archive_url&quot;:&quot;https://api.github.com/repos/components/jquery/{archive_format}{/ref}&quot;,&quot;downloads_url&quot;:&quot;https://api.github.com/repos/components/jquery/downloads&quot;,&quot;issues_url&quot;:&quot;https://api.github.com/repos/components/jquery/issues{/number}&quot;,&quot;pulls_url&quot;:&quot;https://api.github.com/repos/components/jquery/pulls{/number}&quot;,&quot;milestones_url&quot;:&quot;https://api.github.com/repos/components/jquery/milestones{/number}&quot;,&quot;notifications_url&quot;:&quot;https://api.github.com/repos/components/jquery/notifications{?since,all,participating}&quot;,&quot;labels_url&quot;:&quot;https://api.github.com/repos/components/jquery/labels{/name}&quot;,&quot;releases_url&quot;:&quot;https://api.github.com/repos/components/jquery/releases{/id}&quot;,&quot;deployments_url&quot;:&quot;https://api.github.com/repos/components/jquery/deployments&quot;,&quot;created_at&quot;:&quot;2012-09-06T10:51:03Z&quot;,&quot;updated_at&quot;:&quot;2018-05-11T10:59:31Z&quot;,&quot;pushed_at&quot;:&quot;2018-03-04T13:24:47Z&quot;,&quot;git_url&quot;:&quot;git://github.com/components/jquery.git&quot;,&quot;ssh_url&quot;:&quot;git@github.com:components/jquery.git&quot;,&quot;clone_url&quot;:&quot;https://github.com/components/jquery.git&quot;,&quot;svn_url&quot;:&quot;https://github.com/components/jquery&quot;,&quot;homepage&quot;:&quot;http://jquery.com&quot;,&quot;size&quot;:2418,&quot;stargazers_count&quot;:118,&quot;watchers_count&quot;:118,&quot;language&quot;:&quot;JavaScript&quot;,&quot;has_issues&quot;:true,&quot;has_projects&quot;:true,&quot;has_downloads&quot;:true,&quot;has_wiki&quot;:false,&quot;has_pages&quot;:false,&quot;forks_count&quot;:68,&quot;mirror_url&quot;:null,&quot;archived&quot;:false,&quot;open_issues_count&quot;:4,&quot;license&quot;:null,&quot;forks&quot;:68,&quot;open_issues&quot;:4,&quot;watchers&quot;:118,&quot;default_branch&quot;:&quot;master&quot;,&quot;score&quot;:69.826546},{&quot;id&quot;:478996,&quot;name&quot;:&quot;jquery-ui&quot;,&quot;full_name&quot;:&quot;jquery/jquery-ui&quot;,&quot;owner&quot;:{&quot;login&quot;:&quot;jquery&quot;,&quot;id&quot;:70142,&quot;avatar_url&quot;:&quot;https://avatars1.githubusercontent.com/u/70142?v=4&quot;,&quot;gravatar_id&quot;:&quot;&quot;,&quot;url&quot;:&quot;https://api.github.com/users/jquery&quot;,&quot;html_url&quot;:&quot;https://github.com/jquery&quot;,&quot;followers_url&quot;:&quot;https://api.github.com/users/jquery/followers&quot;,&quot;following_url&quot;:&quot;https://api.github.com/users/jquery/following{/other_user}&quot;,&quot;gists_url&quot;:&quot;https://api.github.com/users/jquery/gists{/gist_id}&quot;,&quot;starred_url&quot;:&quot;https://api.github.com/users/jquery/starred{/owner}{/repo}&quot;,&quot;subscriptions_url&quot;:&quot;https://api.github.com/users/jquery/subscriptions&quot;,&quot;organizations_url&quot;:&quot;https://api.github.com/users/jquery/orgs&quot;,&quot;repos_url&quot;:&quot;https://api.github.com/users/jquery/repos&quot;,&quot;events_url&quot;:&quot;https://api.github.com/users/jquery/events{/privacy}&quot;,&quot;received_events_url&quot;:&quot;https://api.github.com/users/jquery/received_events&quot;,&quot;type&quot;:&quot;Organization&quot;,&quot;site_admin&quot;:false},&quot;private&quot;:false,&quot;html_url&quot;:&quot;https://github.com/jquery/jquery-ui&quot;,&quot;description&quot;:&quot;The official jQuery user interface library.&quot;,&quot;fork&quot;:false,&quot;url&quot;:&quot;https://api.github.com/repos/jquery/jquery-ui&quot;,&quot;forks_url&quot;:&quot;https://api.github.com/repos/jquery/jquery-ui/forks&quot;,&quot;keys_url&quot;:&quot;https://api.github.com/repos/jquery/jquery-ui/keys{/key_id}&quot;,&quot;collaborators_url&quot;:&quot;https://api.github.com/repos/jquery/jquery-ui/collaborators{/collaborator}&quot;,&quot;teams_url&quot;:&quot;https://api.github.com/repos/jquery/jquery-ui/teams&quot;,&quot;hooks_url&quot;:&quot;https://api.github.com/repos/jquery/jquery-ui/hooks&quot;,&quot;issue_events_url&quot;:&quot;https://api.github.com/repos/jquery/jquery-ui/issues/events{/number}&quot;,&quot;events_url&quot;:&quot;https://api.github.com/repos/jquery/jquery-ui/events&quot;,&quot;assignees_url&quot;:&quot;https://api.github.com/repos/jquery/jquery-ui/assignees{/user}&quot;,&quot;branches_url&quot;:&quot;https://api.github.com/repos/jquery/jquery-ui/branches{/branch}&quot;,&quot;tags_url&quot;:&quot;https://api.github.com/repos/jquery/jquery-ui/tags&quot;,&quot;blobs_url&quot;:&quot;https://api.github.com/repos/jquery/jquery-ui/git/blobs{/sha}&quot;,&quot;git_tags_url&quot;:&quot;https://api.github.com/repos/jquery/jquery-ui/git/tags{/sha}&quot;,&quot;git_refs_url&quot;:&quot;https://api.github.com/repos/jquery/jquery-ui/git/refs{/sha}&quot;,&quot;trees_url&quot;:&quot;https://api.github.com/repos/jquery/jquery-ui/git/trees{/sha}&quot;,&quot;statuses_url&quot;:&quot;https://api.github.com/repos/jquery/jquery-ui/statuses/{sha}&quot;,&quot;languages_url&quot;:&quot;https://api.github.com/repos/jquery/jquery-ui/languages&quot;,&quot;stargazers_url&quot;:&quot;https://api.github.com/repos/jquery/jquery-ui/stargazers&quot;,&quot;contributors_url&quot;:&quot;https://api.github.com/repos/jquery/jquery-ui/contributors&quot;,&quot;subscribers_url&quot;:&quot;https://api.github.com/repos/jquery/jquery-ui/subscribers&quot;,&quot;subscription_url&quot;:&quot;https://api.github.com/repos/jquery/jquery-ui/subscription&quot;,&quot;commits_url&quot;:&quot;https://api.github.com/repos/jquery/jquery-ui/commits{/sha}&quot;,&quot;git_commits_url&quot;:&quot;https://api.github.com/repos/jquery/jquery-ui/git/commits{/sha}&quot;,&quot;comments_url&quot;:&quot;https://api.github.com/repos/jquery/jquery-ui/comments{/number}&quot;,&quot;issue_comment_url&quot;:&quot;https://api.github.com/repos/jquery/jquery-ui/issues/comments{/number}&quot;,&quot;contents_url&quot;:&quot;https://api.github.com/repos/jquery/jquery-ui/contents/{+path}&quot;,&quot;compare_url&quot;:&quot;https://api.github.com/repos/jquery/jquery-ui/compare/{base}...{head}&quot;,&quot;merges_url&quot;:&quot;https://api.github.com/repos/jquery/jquery-ui/merges&quot;,&quot;archive_url&quot;:&quot;https://api.github.com/repos/jquery/jquery-ui/{archive_format}{/ref}&quot;,&quot;downloads_url&quot;:&quot;https://api.github.com/repos/jquery/jquery-ui/downloads&quot;,&quot;issues_url&quot;:&quot;https://api.github.com/repos/jquery/jquery-ui/issues{/number}&quot;,&quot;pulls_url&quot;:&quot;https://api.github.com/repos/jquery/jquery-ui/pulls{/number}&quot;,&quot;milestones_url&quot;:&quot;https://api.github.com/repos/jquery/jquery-ui/milestones{/number}&quot;,&quot;notifications_url&quot;:&quot;https://api.github.com/repos/jquery/jquery-ui/notifications{?since,all,participating}&quot;,&quot;labels_url&quot;:&quot;https://api.github.com/repos/jquery/jquery-ui/labels{/name}&quot;,&quot;releases_url&quot;:&quot;https://api.github.com/repos/jquery/jquery-ui/releases{/id}&quot;,&quot;deployments_url&quot;:&quot;https://api.github.com/repos/jquery/jquery-ui/deployments&quot;,&quot;created_at&quot;:&quot;2010-01-19T14:40:34Z&quot;,&quot;updated_at&quot;:&quot;2018-05-17T00:28:24Z&quot;,&quot;pushed_at&quot;:&quot;2018-05-15T10:39:20Z&quot;,&quot;git_url&quot;:&quot;git://github.com/jquery/jquery-ui.git&quot;,&quot;ssh_url&quot;:&quot;git@github.com:jquery/jquery-ui.git&quot;,&quot;clone_url&quot;:&quot;https://github.com/jquery/jquery-ui.git&quot;,&quot;svn_url&quot;:&quot;https://github.com/jquery/jquery-ui&quot;,&quot;homepage&quot;:&quot;https://jqueryui.com/&quot;,&quot;size&quot;:26513,&quot;stargazers_count&quot;:10441,&quot;watchers_count&quot;:10441,&quot;language&quot;:&quot;JavaScript&quot;,&quot;has_issues&quot;:false,&quot;has_projects&quot;:true,&quot;has_downloads&quot;:false,&quot;has_wiki&quot;:false,&quot;has_pages&quot;:false,&quot;forks_count&quot;:4805,&quot;mirror_url&quot;:null,&quot;archived&quot;:false,&quot;open_issues_count&quot;:35,&quot;license&quot;:{&quot;key&quot;:&quot;other&quot;,&quot;name&quot;:&quot;Other&quot;,&quot;spdx_id&quot;:null,&quot;url&quot;:null},&quot;forks&quot;:4805,&quot;open_issues&quot;:35,&quot;watchers&quot;:10441,&quot;default_branch&quot;:&quot;master&quot;,&quot;score&quot;:68.79835},{&quot;id&quot;:56427473,&quot;name&quot;:&quot;jquery.barrager.js&quot;,&quot;full_name&quot;:&quot;yaseng/jquery.barrager.js&quot;,&quot;owner&quot;:{&quot;login&quot;:&quot;yaseng&quot;,&quot;id&quot;:4582165,&quot;avatar_url&quot;:&quot;https://avatars1.githubusercontent.com/u/4582165?v=4&quot;,&quot;gravatar_id&quot;:&quot;&quot;,&quot;url&quot;:&quot;https://api.github.com/users/yaseng&quot;,&quot;html_url&quot;:&quot;https://github.com/yaseng&quot;,&quot;followers_url&quot;:&quot;https://api.github.com/users/yaseng/followers&quot;,&quot;following_url&quot;:&quot;https://api.github.com/users/yaseng/following{/other_user}&quot;,&quot;gists_url&quot;:&quot;https://api.github.com/users/yaseng/gists{/gist_id}&quot;,&quot;starred_url&quot;:&quot;https://api.github.com/users/yaseng/starred{/owner}{/repo}&quot;,&quot;subscriptions_url&quot;:&quot;https://api.github.com/users/yaseng/subscriptions&quot;,&quot;organizations_url&quot;:&quot;https://api.github.com/users/yaseng/orgs&quot;,&quot;repos_url&quot;:&quot;https://api.github.com/users/yaseng/repos&quot;,&quot;events_url&quot;:&quot;https://api.github.com/users/yaseng/events{/privacy}&quot;,&quot;received_events_url&quot;:&quot;https://api.github.com/users/yaseng/received_events&quot;,&quot;type&quot;:&quot;User&quot;,&quot;site_admin&quot;:false},&quot;private&quot;:false,&quot;html_url&quot;:&quot;https://github.com/yaseng/jquery.barrager.js&quot;,&quot;description&quot;:&quot; 专业的网页弹幕插件&quot;,&quot;fork&quot;:false,&quot;url&quot;:&quot;https://api.github.com/repos/yaseng/jquery.barrager.js&quot;,&quot;forks_url&quot;:&quot;https://api.github.com/repos/yaseng/jquery.barrager.js/forks&quot;,&quot;keys_url&quot;:&quot;https://api.github.com/repos/yaseng/jquery.barrager.js/keys{/key_id}&quot;,&quot;collaborators_url&quot;:&quot;https://api.github.com/repos/yaseng/jquery.barrager.js/collaborators{/collaborator}&quot;,&quot;teams_url&quot;:&quot;https://api.github.com/repos/yaseng/jquery.barrager.js/teams&quot;,&quot;hooks_url&quot;:&quot;https://api.github.com/repos/yaseng/jquery.barrager.js/hooks&quot;,&quot;issue_events_url&quot;:&quot;https://api.github.com/repos/yaseng/jquery.barrager.js/issues/events{/number}&quot;,&quot;events_url&quot;:&quot;https://api.github.com/repos/yaseng/jquery.barrager.js/events&quot;,&quot;assignees_url&quot;:&quot;https://api.github.com/repos/yaseng/jquery.barrager.js/assignees{/user}&quot;,&quot;branches_url&quot;:&quot;https://api.github.com/repos/yaseng/jquery.barrager.js/branches{/branch}&quot;,&quot;tags_url&quot;:&quot;https://api.github.com/repos/yaseng/jquery.barrager.js/tags&quot;,&quot;blobs_url&quot;:&quot;https://api.github.com/repos/yaseng/jquery.barrager.js/git/blobs{/sha}&quot;,&quot;git_tags_url&quot;:&quot;https://api.github.com/repos/yaseng/jquery.barrager.js/git/tags{/sha}&quot;,&quot;git_refs_url&quot;:&quot;https://api.github.com/repos/yaseng/jquery.barrager.js/git/refs{/sha}&quot;,&quot;trees_url&quot;:&quot;https://api.github.com/repos/yaseng/jquery.barrager.js/git/trees{/sha}&quot;,&quot;statuses_url&quot;:&quot;https://api.github.com/repos/yaseng/jquery.barrager.js/statuses/{sha}&quot;,&quot;languages_url&quot;:&quot;https://api.github.com/repos/yaseng/jquery.barrager.js/languages&quot;,&quot;stargazers_url&quot;:&quot;https://api.github.com/repos/yaseng/jquery.barrager.js/stargazers&quot;,&quot;contributors_url&quot;:&quot;https://api.github.com/repos/yaseng/jquery.barrager.js/contributors&quot;,&quot;subscribers_url&quot;:&quot;https://api.github.com/repos/yaseng/jquery.barrager.js/subscribers&quot;,&quot;subscription_url&quot;:&quot;https://api.github.com/repos/yaseng/jquery.barrager.js/subscription&quot;,&quot;commits_url&quot;:&quot;https://api.github.com/repos/yaseng/jquery.barrager.js/commits{/sha}&quot;,&quot;git_commits_url&quot;:&quot;https://api.github.com/repos/yaseng/jquery.barrager.js/git/commits{/sha}&quot;,&quot;comments_url&quot;:&quot;https://api.github.com/repos/yaseng/jquery.barrager.js/comments{/number}&quot;,&quot;issue_comment_url&quot;:&quot;https://api.github.com/repos/yaseng/jquery.barrager.js/issues/comments{/number}&quot;,&quot;contents_url&quot;:&quot;https://api.github.com/repos/yaseng/jquery.barrager.js/contents/{+path}&quot;,&quot;compare_url&quot;:&quot;https://api.github.com/repos/yaseng/jquery.barrager.js/compare/{base}...{head}&quot;,&quot;merges_url&quot;:&quot;https://api.github.com/repos/yaseng/jquery.barrager.js/merges&quot;,&quot;archive_url&quot;:&quot;https://api.github.com/repos/yaseng/jquery.barrager.js/{archive_format}{/ref}&quot;,&quot;downloads_url&quot;:&quot;https://api.github.com/repos/yaseng/jquery.barrager.js/downloads&quot;,&quot;issues_url&quot;:&quot;https://api.github.com/repos/yaseng/jquery.barrager.js/issues{/number}&quot;,&quot;pulls_url&quot;:&quot;https://api.github.com/repos/yaseng/jquery.barrager.js/pulls{/number}&quot;,&quot;milestones_url&quot;:&quot;https://api.github.com/repos/yaseng/jquery.barrager.js/milestones{/number}&quot;,&quot;notifications_url&quot;:&quot;https://api.github.com/repos/yaseng/jquery.barrager.js/notifications{?since,all,participating}&quot;,&quot;labels_url&quot;:&quot;https://api.github.com/repos/yaseng/jquery.barrager.js/labels{/name}&quot;,&quot;releases_url&quot;:&quot;https://api.github.com/repos/yaseng/jquery.barrager.js/releases{/id}&quot;,&quot;deployments_url&quot;:&quot;https://api.github.com/repos/yaseng/jquery.barrager.js/deployments&quot;,&quot;created_at&quot;:&quot;2016-04-17T08:52:18Z&quot;,&quot;updated_at&quot;:&quot;2018-05-16T08:43:39Z&quot;,&quot;pushed_at&quot;:&quot;2017-06-21T02:05:58Z&quot;,&quot;git_url&quot;:&quot;git://github.com/yaseng/jquery.barrager.js.git&quot;,&quot;ssh_url&quot;:&quot;git@github.com:yaseng/jquery.barrager.js.git&quot;,&quot;clone_url&quot;:&quot;https://github.com/yaseng/jquery.barrager.js.git&quot;,&quot;svn_url&quot;:&quot;https://github.com/yaseng/jquery.barrager.js&quot;,&quot;homepage&quot;:&quot;http://yaseng.github.io/jquery.barrager.js&quot;,&quot;size&quot;:2667,&quot;stargazers_count&quot;:361,&quot;watchers_count&quot;:361,&quot;language&quot;:&quot;HTML&quot;,&quot;has_issues&quot;:true,&quot;has_projects&quot;:true,&quot;has_downloads&quot;:true,&quot;has_wiki&quot;:true,&quot;has_pages&quot;:false,&quot;forks_count&quot;:121,&quot;mirror_url&quot;:null,&quot;archived&quot;:false,&quot;open_issues_count&quot;:11,&quot;license&quot;:null,&quot;forks&quot;:121,&quot;open_issues&quot;:11,&quot;watchers&quot;:361,&quot;default_branch&quot;:&quot;master&quot;,&quot;score&quot;:66.342125},{&quot;id&quot;:77381292,&quot;name&quot;:&quot;JQuerySource&quot;,&quot;full_name&quot;:&quot;songjinzhong/JQuerySource&quot;,&quot;owner&quot;:{&quot;login&quot;:&quot;songjinzhong&quot;,&quot;id&quot;:15336788,&quot;avatar_url&quot;:&quot;https://avatars2.githubusercontent.com/u/15336788?v=4&quot;,&quot;gravatar_id&quot;:&quot;&quot;,&quot;url&quot;:&quot;https://api.github.com/users/songjinzhong&quot;,&quot;html_url&quot;:&quot;https://github.com/songjinzhong&quot;,&quot;followers_url&quot;:&quot;https://api.github.com/users/songjinzhong/followers&quot;,&quot;following_url&quot;:&quot;https://api.github.com/users/songjinzhong/following{/other_user}&quot;,&quot;gists_url&quot;:&quot;https://api.github.com/users/songjinzhong/gists{/gist_id}&quot;,&quot;starred_url&quot;:&quot;https://api.github.com/users/songjinzhong/starred{/owner}{/repo}&quot;,&quot;subscriptions_url&quot;:&quot;https://api.github.com/users/songjinzhong/subscriptions&quot;,&quot;organizations_url&quot;:&quot;https://api.github.com/users/songjinzhong/orgs&quot;,&quot;repos_url&quot;:&quot;https://api.github.com/users/songjinzhong/repos&quot;,&quot;events_url&quot;:&quot;https://api.github.com/users/songjinzhong/events{/privacy}&quot;,&quot;received_events_url&quot;:&quot;https://api.github.com/users/songjinzhong/received_events&quot;,&quot;type&quot;:&quot;User&quot;,&quot;site_admin&quot;:false},&quot;private&quot;:false,&quot;html_url&quot;:&quot;https://github.com/songjinzhong/JQuerySource&quot;,&quot;description&quot;:&quot;jQuery 源码解读，v3.1.1，从菜鸟到大神之路&quot;,&quot;fork&quot;:false,&quot;url&quot;:&quot;https://api.github.com/repos/songjinzhong/JQuerySource&quot;,&quot;forks_url&quot;:&quot;https://api.github.com/repos/songjinzhong/JQuerySource/forks&quot;,&quot;keys_url&quot;:&quot;https://api.github.com/repos/songjinzhong/JQuerySource/keys{/key_id}&quot;,&quot;collaborators_url&quot;:&quot;https://api.github.com/repos/songjinzhong/JQuerySource/collaborators{/collaborator}&quot;,&quot;teams_url&quot;:&quot;https://api.github.com/repos/songjinzhong/JQuerySource/teams&quot;,&quot;hooks_url&quot;:&quot;https://api.github.com/repos/songjinzhong/JQuerySource/hooks&quot;,&quot;issue_events_url&quot;:&quot;https://api.github.com/repos/songjinzhong/JQuerySource/issues/events{/number}&quot;,&quot;events_url&quot;:&quot;https://api.github.com/repos/songjinzhong/JQuerySource/events&quot;,&quot;assignees_url&quot;:&quot;https://api.github.com/repos/songjinzhong/JQuerySource/assignees{/user}&quot;,&quot;branches_url&quot;:&quot;https://api.github.com/repos/songjinzhong/JQuerySource/branches{/branch}&quot;,&quot;tags_url&quot;:&quot;https://api.github.com/repos/songjinzhong/JQuerySource/tags&quot;,&quot;blobs_url&quot;:&quot;https://api.github.com/repos/songjinzhong/JQuerySource/git/blobs{/sha}&quot;,&quot;git_tags_url&quot;:&quot;https://api.github.com/repos/songjinzhong/JQuerySource/git/tags{/sha}&quot;,&quot;git_refs_url&quot;:&quot;https://api.github.com/repos/songjinzhong/JQuerySource/git/refs{/sha}&quot;,&quot;trees_url&quot;:&quot;https://api.github.com/repos/songjinzhong/JQuerySource/git/trees{/sha}&quot;,&quot;statuses_url&quot;:&quot;https://api.github.com/repos/songjinzhong/JQuerySource/statuses/{sha}&quot;,&quot;languages_url&quot;:&quot;https://api.github.com/repos/songjinzhong/JQuerySource/languages&quot;,&quot;stargazers_url&quot;:&quot;https://api.github.com/repos/songjinzhong/JQuerySource/stargazers&quot;,&quot;contributors_url&quot;:&quot;https://api.github.com/repos/songjinzhong/JQuerySource/contributors&quot;,&quot;subscribers_url&quot;:&quot;https://api.github.com/repos/songjinzhong/JQuerySource/subscribers&quot;,&quot;subscription_url&quot;:&quot;https://api.github.com/repos/songjinzhong/JQuerySource/subscription&quot;,&quot;commits_url&quot;:&quot;https://api.github.com/repos/songjinzhong/JQuerySource/commits{/sha}&quot;,&quot;git_commits_url&quot;:&quot;https://api.github.com/repos/songjinzhong/JQuerySource/git/commits{/sha}&quot;,&quot;comments_url&quot;:&quot;https://api.github.com/repos/songjinzhong/JQuerySource/comments{/number}&quot;,&quot;issue_comment_url&quot;:&quot;https://api.github.com/repos/songjinzhong/JQuerySource/issues/comments{/number}&quot;,&quot;contents_url&quot;:&quot;https://api.github.com/repos/songjinzhong/JQuerySource/contents/{+path}&quot;,&quot;compare_url&quot;:&quot;https://api.github.com/repos/songjinzhong/JQuerySource/compare/{base}...{head}&quot;,&quot;merges_url&quot;:&quot;https://api.github.com/repos/songjinzhong/JQuerySource/merges&quot;,&quot;archive_url&quot;:&quot;https://api.github.com/repos/songjinzhong/JQuerySource/{archive_format}{/ref}&quot;,&quot;downloads_url&quot;:&quot;https://api.github.com/repos/songjinzhong/JQuerySource/downloads&quot;,&quot;issues_url&quot;:&quot;https://api.github.com/repos/songjinzhong/JQuerySource/issues{/number}&quot;,&quot;pulls_url&quot;:&quot;https://api.github.com/repos/songjinzhong/JQuerySource/pulls{/number}&quot;,&quot;milestones_url&quot;:&quot;https://api.github.com/repos/songjinzhong/JQuerySource/milestones{/number}&quot;,&quot;notifications_url&quot;:&quot;https://api.github.com/repos/songjinzhong/JQuerySource/notifications{?since,all,participating}&quot;,&quot;labels_url&quot;:&quot;https://api.github.com/repos/songjinzhong/JQuerySource/labels{/name}&quot;,&quot;releases_url&quot;:&quot;https://api.github.com/repos/songjinzhong/JQuerySource/releases{/id}&quot;,&quot;deployments_url&quot;:&quot;https://api.github.com/repos/songjinzhong/JQuerySource/deployments&quot;,&quot;created_at&quot;:&quot;2016-12-26T12:01:59Z&quot;,&quot;updated_at&quot;:&quot;2018-05-16T06:21:57Z&quot;,&quot;pushed_at&quot;:&quot;2018-02-02T14:55:39Z&quot;,&quot;git_url&quot;:&quot;git://github.com/songjinzhong/JQuerySource.git&quot;,&quot;ssh_url&quot;:&quot;git@github.com:songjinzhong/JQuerySource.git&quot;,&quot;clone_url&quot;:&quot;https://github.com/songjinzhong/JQuerySource.git&quot;,&quot;svn_url&quot;:&quot;https://github.com/songjinzhong/JQuerySource&quot;,&quot;homepage&quot;:&quot;&quot;,&quot;size&quot;:193,&quot;stargazers_count&quot;:187,&quot;watchers_count&quot;:187,&quot;language&quot;:&quot;JavaScript&quot;,&quot;has_issues&quot;:true,&quot;has_projects&quot;:true,&quot;has_downloads&quot;:true,&quot;has_wiki&quot;:true,&quot;has_pages&quot;:false,&quot;forks_count&quot;:78,&quot;mirror_url&quot;:null,&quot;archived&quot;:false,&quot;open_issues_count&quot;:0,&quot;license&quot;:null,&quot;forks&quot;:78,&quot;open_issues&quot;:0,&quot;watchers&quot;:187,&quot;default_branch&quot;:&quot;master&quot;,&quot;score&quot;:62.83705},{&quot;id&quot;:5069156,&quot;name&quot;:&quot;artDialog&quot;,&quot;full_name&quot;:&quot;aui/artDialog&quot;,&quot;owner&quot;:{&quot;login&quot;:&quot;aui&quot;,&quot;id&quot;:1791748,&quot;avatar_url&quot;:&quot;https://avatars2.githubusercontent.com/u/1791748?v=4&quot;,&quot;gravatar_id&quot;:&quot;&quot;,&quot;url&quot;:&quot;https://api.github.com/users/aui&quot;,&quot;html_url&quot;:&quot;https://github.com/aui&quot;,&quot;followers_url&quot;:&quot;https://api.github.com/users/aui/followers&quot;,&quot;following_url&quot;:&quot;https://api.github.com/users/aui/following{/other_user}&quot;,&quot;gists_url&quot;:&quot;https://api.github.com/users/aui/gists{/gist_id}&quot;,&quot;starred_url&quot;:&quot;https://api.github.com/users/aui/starred{/owner}{/repo}&quot;,&quot;subscriptions_url&quot;:&quot;https://api.github.com/users/aui/subscriptions&quot;,&quot;organizations_url&quot;:&quot;https://api.github.com/users/aui/orgs&quot;,&quot;repos_url&quot;:&quot;https://api.github.com/users/aui/repos&quot;,&quot;events_url&quot;:&quot;https://api.github.com/users/aui/events{/privacy}&quot;,&quot;received_events_url&quot;:&quot;https://api.github.com/users/aui/received_events&quot;,&quot;type&quot;:&quot;User&quot;,&quot;site_admin&quot;:false},&quot;private&quot;:false,&quot;html_url&quot;:&quot;https://github.com/aui/artDialog&quot;,&quot;description&quot;:&quot;经典的网页对话框组件&quot;,&quot;fork&quot;:false,&quot;url&quot;:&quot;https://api.github.com/repos/aui/artDialog&quot;,&quot;forks_url&quot;:&quot;https://api.github.com/repos/aui/artDialog/forks&quot;,&quot;keys_url&quot;:&quot;https://api.github.com/repos/aui/artDialog/keys{/key_id}&quot;,&quot;collaborators_url&quot;:&quot;https://api.github.com/repos/aui/artDialog/collaborators{/collaborator}&quot;,&quot;teams_url&quot;:&quot;https://api.github.com/repos/aui/artDialog/teams&quot;,&quot;hooks_url&quot;:&quot;https://api.github.com/repos/aui/artDialog/hooks&quot;,&quot;issue_events_url&quot;:&quot;https://api.github.com/repos/aui/artDialog/issues/events{/number}&quot;,&quot;events_url&quot;:&quot;https://api.github.com/repos/aui/artDialog/events&quot;,&quot;assignees_url&quot;:&quot;https://api.github.com/repos/aui/artDialog/assignees{/user}&quot;,&quot;branches_url&quot;:&quot;https://api.github.com/repos/aui/artDialog/branches{/branch}&quot;,&quot;tags_url&quot;:&quot;https://api.github.com/repos/aui/artDialog/tags&quot;,&quot;blobs_url&quot;:&quot;https://api.github.com/repos/aui/artDialog/git/blobs{/sha}&quot;,&quot;git_tags_url&quot;:&quot;https://api.github.com/repos/aui/artDialog/git/tags{/sha}&quot;,&quot;git_refs_url&quot;:&quot;https://api.github.com/repos/aui/artDialog/git/refs{/sha}&quot;,&quot;trees_url&quot;:&quot;https://api.github.com/repos/aui/artDialog/git/trees{/sha}&quot;,&quot;statuses_url&quot;:&quot;https://api.github.com/repos/aui/artDialog/statuses/{sha}&quot;,&quot;languages_url&quot;:&quot;https://api.github.com/repos/aui/artDialog/languages&quot;,&quot;stargazers_url&quot;:&quot;https://api.github.com/repos/aui/artDialog/stargazers&quot;,&quot;contributors_url&quot;:&quot;https://api.github.com/repos/aui/artDialog/contributors&quot;,&quot;subscribers_url&quot;:&quot;https://api.github.com/repos/aui/artDialog/subscribers&quot;,&quot;subscription_url&quot;:&quot;https://api.github.com/repos/aui/artDialog/subscription&quot;,&quot;commits_url&quot;:&quot;https://api.github.com/repos/aui/artDialog/commits{/sha}&quot;,&quot;git_commits_url&quot;:&quot;https://api.github.com/repos/aui/artDialog/git/commits{/sha}&quot;,&quot;comments_url&quot;:&quot;https://api.github.com/repos/aui/artDialog/comments{/number}&quot;,&quot;issue_comment_url&quot;:&quot;https://api.github.com/repos/aui/artDialog/issues/comments{/number}&quot;,&quot;contents_url&quot;:&quot;https://api.github.com/repos/aui/artDialog/contents/{+path}&quot;,&quot;compare_url&quot;:&quot;https://api.github.com/repos/aui/artDialog/compare/{base}...{head}&quot;,&quot;merges_url&quot;:&quot;https://api.github.com/repos/aui/artDialog/merges&quot;,&quot;archive_url&quot;:&quot;https://api.github.com/repos/aui/artDialog/{archive_format}{/ref}&quot;,&quot;downloads_url&quot;:&quot;https://api.github.com/repos/aui/artDialog/downloads&quot;,&quot;issues_url&quot;:&quot;https://api.github.com/repos/aui/artDialog/issues{/number}&quot;,&quot;pulls_url&quot;:&quot;https://api.github.com/repos/aui/artDialog/pulls{/number}&quot;,&quot;milestones_url&quot;:&quot;https://api.github.com/repos/aui/artDialog/milestones{/number}&quot;,&quot;notifications_url&quot;:&quot;https://api.github.com/repos/aui/artDialog/notifications{?since,all,participating}&quot;,&quot;labels_url&quot;:&quot;https://api.github.com/repos/aui/artDialog/labels{/name}&quot;,&quot;releases_url&quot;:&quot;https://api.github.com/repos/aui/artDialog/releases{/id}&quot;,&quot;deployments_url&quot;:&quot;https://api.github.com/repos/aui/artDialog/deployments&quot;,&quot;created_at&quot;:&quot;2012-07-16T15:19:22Z&quot;,&quot;updated_at&quot;:&quot;2018-05-16T08:09:58Z&quot;,&quot;pushed_at&quot;:&quot;2017-12-05T08:18:48Z&quot;,&quot;git_url&quot;:&quot;git://github.com/aui/artDialog.git&quot;,&quot;ssh_url&quot;:&quot;git@github.com:aui/artDialog.git&quot;,&quot;clone_url&quot;:&quot;https://github.com/aui/artDialog.git&quot;,&quot;svn_url&quot;:&quot;https://github.com/aui/artDialog&quot;,&quot;homepage&quot;:&quot;http://aui.github.com/artDialog/&quot;,&quot;size&quot;:709,&quot;stargazers_count&quot;:2858,&quot;watchers_count&quot;:2858,&quot;language&quot;:&quot;JavaScript&quot;,&quot;has_issues&quot;:true,&quot;has_projects&quot;:true,&quot;has_downloads&quot;:true,&quot;has_wiki&quot;:true,&quot;has_pages&quot;:true,&quot;forks_count&quot;:1126,&quot;mirror_url&quot;:null,&quot;archived&quot;:false,&quot;open_issues_count&quot;:153,&quot;license&quot;:{&quot;key&quot;:&quot;lgpl-3.0&quot;,&quot;name&quot;:&quot;GNU Lesser General Public License v3.0&quot;,&quot;spdx_id&quot;:&quot;LGPL-3.0&quot;,&quot;url&quot;:&quot;https://api.github.com/licenses/lgpl-3.0&quot;},&quot;forks&quot;:1126,&quot;open_issues&quot;:153,&quot;watchers&quot;:2858,&quot;default_branch&quot;:&quot;master&quot;,&quot;score&quot;:57.39194},{&quot;id&quot;:8284550,&quot;name&quot;:&quot;jquery&quot;,&quot;full_name&quot;:&quot;cmdjs/jquery&quot;,&quot;owner&quot;:{&quot;login&quot;:&quot;cmdjs&quot;,&quot;id&quot;:3215815,&quot;avatar_url&quot;:&quot;https://avatars2.githubusercontent.com/u/3215815?v=4&quot;,&quot;gravatar_id&quot;:&quot;&quot;,&quot;url&quot;:&quot;https://api.github.com/users/cmdjs&quot;,&quot;html_url&quot;:&quot;https://github.com/cmdjs&quot;,&quot;followers_url&quot;:&quot;https://api.github.com/users/cmdjs/followers&quot;,&quot;following_url&quot;:&quot;https://api.github.com/users/cmdjs/following{/other_user}&quot;,&quot;gists_url&quot;:&quot;https://api.github.com/users/cmdjs/gists{/gist_id}&quot;,&quot;starred_url&quot;:&quot;https://api.github.com/users/cmdjs/starred{/owner}{/repo}&quot;,&quot;subscriptions_url&quot;:&quot;https://api.github.com/users/cmdjs/subscriptions&quot;,&quot;organizations_url&quot;:&quot;https://api.github.com/users/cmdjs/orgs&quot;,&quot;repos_url&quot;:&quot;https://api.github.com/users/cmdjs/repos&quot;,&quot;events_url&quot;:&quot;https://api.github.com/users/cmdjs/events{/privacy}&quot;,&quot;received_events_url&quot;:&quot;https://api.github.com/users/cmdjs/received_events&quot;,&quot;type&quot;:&quot;Organization&quot;,&quot;site_admin&quot;:false},&quot;private&quot;:false,&quot;html_url&quot;:&quot;https://github.com/cmdjs/jquery&quot;,&quot;description&quot;:&quot;jQuery and Its Family Members&quot;,&quot;fork&quot;:false,&quot;url&quot;:&quot;https://api.github.com/repos/cmdjs/jquery&quot;,&quot;forks_url&quot;:&quot;https://api.github.com/repos/cmdjs/jquery/forks&quot;,&quot;keys_url&quot;:&quot;https://api.github.com/repos/cmdjs/jquery/keys{/key_id}&quot;,&quot;collaborators_url&quot;:&quot;https://api.github.com/repos/cmdjs/jquery/collaborators{/collaborator}&quot;,&quot;teams_url&quot;:&quot;https://api.github.com/repos/cmdjs/jquery/teams&quot;,&quot;hooks_url&quot;:&quot;https://api.github.com/repos/cmdjs/jquery/hooks&quot;,&quot;issue_events_url&quot;:&quot;https://api.github.com/repos/cmdjs/jquery/issues/events{/number}&quot;,&quot;events_url&quot;:&quot;https://api.github.com/repos/cmdjs/jquery/events&quot;,&quot;assignees_url&quot;:&quot;https://api.github.com/repos/cmdjs/jquery/assignees{/user}&quot;,&quot;branches_url&quot;:&quot;https://api.github.com/repos/cmdjs/jquery/branches{/branch}&quot;,&quot;tags_url&quot;:&quot;https://api.github.com/repos/cmdjs/jquery/tags&quot;,&quot;blobs_url&quot;:&quot;https://api.github.com/repos/cmdjs/jquery/git/blobs{/sha}&quot;,&quot;git_tags_url&quot;:&quot;https://api.github.com/repos/cmdjs/jquery/git/tags{/sha}&quot;,&quot;git_refs_url&quot;:&quot;https://api.github.com/repos/cmdjs/jquery/git/refs{/sha}&quot;,&quot;trees_url&quot;:&quot;https://api.github.com/repos/cmdjs/jquery/git/trees{/sha}&quot;,&quot;statuses_url&quot;:&quot;https://api.github.com/repos/cmdjs/jquery/statuses/{sha}&quot;,&quot;languages_url&quot;:&quot;https://api.github.com/repos/cmdjs/jquery/languages&quot;,&quot;stargazers_url&quot;:&quot;https://api.github.com/repos/cmdjs/jquery/stargazers&quot;,&quot;contributors_url&quot;:&quot;https://api.github.com/repos/cmdjs/jquery/contributors&quot;,&quot;subscribers_url&quot;:&quot;https://api.github.com/repos/cmdjs/jquery/subscribers&quot;,&quot;subscription_url&quot;:&quot;https://api.github.com/repos/cmdjs/jquery/subscription&quot;,&quot;commits_url&quot;:&quot;https://api.github.com/repos/cmdjs/jquery/commits{/sha}&quot;,&quot;git_commits_url&quot;:&quot;https://api.github.com/repos/cmdjs/jquery/git/commits{/sha}&quot;,&quot;comments_url&quot;:&quot;https://api.github.com/repos/cmdjs/jquery/comments{/number}&quot;,&quot;issue_comment_url&quot;:&quot;https://api.github.com/repos/cmdjs/jquery/issues/comments{/number}&quot;,&quot;contents_url&quot;:&quot;https://api.github.com/repos/cmdjs/jquery/contents/{+path}&quot;,&quot;compare_url&quot;:&quot;https://api.github.com/repos/cmdjs/jquery/compare/{base}...{head}&quot;,&quot;merges_url&quot;:&quot;https://api.github.com/repos/cmdjs/jquery/merges&quot;,&quot;archive_url&quot;:&quot;https://api.github.com/repos/cmdjs/jquery/{archive_format}{/ref}&quot;,&quot;downloads_url&quot;:&quot;https://api.github.com/repos/cmdjs/jquery/downloads&quot;,&quot;issues_url&quot;:&quot;https://api.github.com/repos/cmdjs/jquery/issues{/number}&quot;,&quot;pulls_url&quot;:&quot;https://api.github.com/repos/cmdjs/jquery/pulls{/number}&quot;,&quot;milestones_url&quot;:&quot;https://api.github.com/repos/cmdjs/jquery/milestones{/number}&quot;,&quot;notifications_url&quot;:&quot;https://api.github.com/repos/cmdjs/jquery/notifications{?since,all,participating}&quot;,&quot;labels_url&quot;:&quot;https://api.github.com/repos/cmdjs/jquery/labels{/name}&quot;,&quot;releases_url&quot;:&quot;https://api.github.com/repos/cmdjs/jquery/releases{/id}&quot;,&quot;deployments_url&quot;:&quot;https://api.github.com/repos/cmdjs/jquery/deployments&quot;,&quot;created_at&quot;:&quot;2013-02-19T06:18:19Z&quot;,&quot;updated_at&quot;:&quot;2018-01-12T07:06:24Z&quot;,&quot;pushed_at&quot;:&quot;2014-04-16T08:34:42Z&quot;,&quot;git_url&quot;:&quot;git://github.com/cmdjs/jquery.git&quot;,&quot;ssh_url&quot;:&quot;git@github.com:cmdjs/jquery.git&quot;,&quot;clone_url&quot;:&quot;https://github.com/cmdjs/jquery.git&quot;,&quot;svn_url&quot;:&quot;https://github.com/cmdjs/jquery&quot;,&quot;homepage&quot;:&quot;&quot;,&quot;size&quot;:303,&quot;stargazers_count&quot;:27,&quot;watchers_count&quot;:27,&quot;language&quot;:&quot;JavaScript&quot;,&quot;has_issues&quot;:true,&quot;has_projects&quot;:true,&quot;has_downloads&quot;:true,&quot;has_wiki&quot;:true,&quot;has_pages&quot;:false,&quot;forks_count&quot;:31,&quot;mirror_url&quot;:null,&quot;archived&quot;:false,&quot;open_issues_count&quot;:0,&quot;license&quot;:null,&quot;forks&quot;:31,&quot;open_issues&quot;:0,&quot;watchers&quot;:27,&quot;default_branch&quot;:&quot;master&quot;,&quot;score&quot;:56.288193},{&quot;id&quot;:3620194,&quot;name&quot;:&quot;select2&quot;,&quot;full_name&quot;:&quot;select2/select2&quot;,&quot;owner&quot;:{&quot;login&quot;:&quot;select2&quot;,&quot;id&quot;:8077542,&quot;avatar_url&quot;:&quot;https://avatars3.githubusercontent.com/u/8077542?v=4&quot;,&quot;gravatar_id&quot;:&quot;&quot;,&quot;url&quot;:&quot;https://api.github.com/users/select2&quot;,&quot;html_url&quot;:&quot;https://github.com/select2&quot;,&quot;followers_url&quot;:&quot;https://api.github.com/users/select2/followers&quot;,&quot;following_url&quot;:&quot;https://api.github.com/users/select2/following{/other_user}&quot;,&quot;gists_url&quot;:&quot;https://api.github.com/users/select2/gists{/gist_id}&quot;,&quot;starred_url&quot;:&quot;https://api.github.com/users/select2/starred{/owner}{/repo}&quot;,&quot;subscriptions_url&quot;:&quot;https://api.github.com/users/select2/subscriptions&quot;,&quot;organizations_url&quot;:&quot;https://api.github.com/users/select2/orgs&quot;,&quot;repos_url&quot;:&quot;https://api.github.com/users/select2/repos&quot;,&quot;events_url&quot;:&quot;https://api.github.com/users/select2/events{/privacy}&quot;,&quot;received_events_url&quot;:&quot;https://api.github.com/users/select2/received_events&quot;,&quot;type&quot;:&quot;Organization&quot;,&quot;site_admin&quot;:false},&quot;private&quot;:false,&quot;html_url&quot;:&quot;https://github.com/select2/select2&quot;,&quot;description&quot;:&quot;Select2 is a jQuery based replacement for select boxes. It supports searching, remote data sets, and infinite scrolling of results.&quot;,&quot;fork&quot;:false,&quot;url&quot;:&quot;https://api.github.com/repos/select2/select2&quot;,&quot;forks_url&quot;:&quot;https://api.github.com/repos/select2/select2/forks&quot;,&quot;keys_url&quot;:&quot;https://api.github.com/repos/select2/select2/keys{/key_id}&quot;,&quot;collaborators_url&quot;:&quot;https://api.github.com/repos/select2/select2/collaborators{/collaborator}&quot;,&quot;teams_url&quot;:&quot;https://api.github.com/repos/select2/select2/teams&quot;,&quot;hooks_url&quot;:&quot;https://api.github.com/repos/select2/select2/hooks&quot;,&quot;issue_events_url&quot;:&quot;https://api.github.com/repos/select2/select2/issues/events{/number}&quot;,&quot;events_url&quot;:&quot;https://api.github.com/repos/select2/select2/events&quot;,&quot;assignees_url&quot;:&quot;https://api.github.com/repos/select2/select2/assignees{/user}&quot;,&quot;branches_url&quot;:&quot;https://api.github.com/repos/select2/select2/branches{/branch}&quot;,&quot;tags_url&quot;:&quot;https://api.github.com/repos/select2/select2/tags&quot;,&quot;blobs_url&quot;:&quot;https://api.github.com/repos/select2/select2/git/blobs{/sha}&quot;,&quot;git_tags_url&quot;:&quot;https://api.github.com/repos/select2/select2/git/tags{/sha}&quot;,&quot;git_refs_url&quot;:&quot;https://api.github.com/repos/select2/select2/git/refs{/sha}&quot;,&quot;trees_url&quot;:&quot;https://api.github.com/repos/select2/select2/git/trees{/sha}&quot;,&quot;statuses_url&quot;:&quot;https://api.github.com/repos/select2/select2/statuses/{sha}&quot;,&quot;languages_url&quot;:&quot;https://api.github.com/repos/select2/select2/languages&quot;,&quot;stargazers_url&quot;:&quot;https://api.github.com/repos/select2/select2/stargazers&quot;,&quot;contributors_url&quot;:&quot;https://api.github.com/repos/select2/select2/contributors&quot;,&quot;subscribers_url&quot;:&quot;https://api.github.com/repos/select2/select2/subscribers&quot;,&quot;subscription_url&quot;:&quot;https://api.github.com/repos/select2/select2/subscription&quot;,&quot;commits_url&quot;:&quot;https://api.github.com/repos/select2/select2/commits{/sha}&quot;,&quot;git_commits_url&quot;:&quot;https://api.github.com/repos/select2/select2/git/commits{/sha}&quot;,&quot;comments_url&quot;:&quot;https://api.github.com/repos/select2/select2/comments{/number}&quot;,&quot;issue_comment_url&quot;:&quot;https://api.github.com/repos/select2/select2/issues/comments{/number}&quot;,&quot;contents_url&quot;:&quot;https://api.github.com/repos/select2/select2/contents/{+path}&quot;,&quot;compare_url&quot;:&quot;https://api.github.com/repos/select2/select2/compare/{base}...{head}&quot;,&quot;merges_url&quot;:&quot;https://api.github.com/repos/select2/select2/merges&quot;,&quot;archive_url&quot;:&quot;https://api.github.com/repos/select2/select2/{archive_format}{/ref}&quot;,&quot;downloads_url&quot;:&quot;https://api.github.com/repos/select2/select2/downloads&quot;,&quot;issues_url&quot;:&quot;https://api.github.com/repos/select2/select2/issues{/number}&quot;,&quot;pulls_url&quot;:&quot;https://api.github.com/repos/select2/select2/pulls{/number}&quot;,&quot;milestones_url&quot;:&quot;https://api.github.com/repos/select2/select2/milestones{/number}&quot;,&quot;notifications_url&quot;:&quot;https://api.github.com/repos/select2/select2/notifications{?since,all,participating}&quot;,&quot;labels_url&quot;:&quot;https://api.github.com/repos/select2/select2/labels{/name}&quot;,&quot;releases_url&quot;:&quot;https://api.github.com/repos/select2/select2/releases{/id}&quot;,&quot;deployments_url&quot;:&quot;https://api.github.com/repos/select2/select2/deployments&quot;,&quot;created_at&quot;:&quot;2012-03-04T18:43:12Z&quot;,&quot;updated_at&quot;:&quot;2018-05-16T21:26:10Z&quot;,&quot;pushed_at&quot;:&quot;2018-05-16T07:59:31Z&quot;,&quot;git_url&quot;:&quot;git://github.com/select2/select2.git&quot;,&quot;ssh_url&quot;:&quot;git@github.com:select2/select2.git&quot;,&quot;clone_url&quot;:&quot;https://github.com/select2/select2.git&quot;,&quot;svn_url&quot;:&quot;https://github.com/select2/select2&quot;,&quot;homepage&quot;:&quot;https://select2.org/&quot;,&quot;size&quot;:8874,&quot;stargazers_count&quot;:22329,&quot;watchers_count&quot;:22329,&quot;language&quot;:&quot;JavaScript&quot;,&quot;has_issues&quot;:true,&quot;has_projects&quot;:true,&quot;has_downloads&quot;:true,&quot;has_wiki&quot;:true,&quot;has_pages&quot;:true,&quot;forks_count&quot;:5134,&quot;mirror_url&quot;:null,&quot;archived&quot;:false,&quot;open_issues_count&quot;:575,&quot;license&quot;:{&quot;key&quot;:&quot;mit&quot;,&quot;name&quot;:&quot;MIT License&quot;,&quot;spdx_id&quot;:&quot;MIT&quot;,&quot;url&quot;:&quot;https://api.github.com/licenses/mit&quot;},&quot;forks&quot;:5134,&quot;open_issues&quot;:575,&quot;watchers&quot;:22329,&quot;default_branch&quot;:&quot;develop&quot;,&quot;score&quot;:55.1495},{&quot;id&quot;:10850511,&quot;name&quot;:&quot;SimpleSlideView&quot;,&quot;full_name&quot;:&quot;cloudfour/SimpleSlideView&quot;,&quot;owner&quot;:{&quot;login&quot;:&quot;cloudfour&quot;,&quot;id&quot;:1273956,&quot;avatar_url&quot;:&quot;https://avatars0.githubusercontent.com/u/1273956?v=4&quot;,&quot;gravatar_id&quot;:&quot;&quot;,&quot;url&quot;:&quot;https://api.github.com/users/cloudfour&quot;,&quot;html_url&quot;:&quot;https://github.com/cloudfour&quot;,&quot;followers_url&quot;:&quot;https://api.github.com/users/cloudfour/followers&quot;,&quot;following_url&quot;:&quot;https://api.github.com/users/cloudfour/following{/other_user}&quot;,&quot;gists_url&quot;:&quot;https://api.github.com/users/cloudfour/gists{/gist_id}&quot;,&quot;starred_url&quot;:&quot;https://api.github.com/users/cloudfour/starred{/owner}{/repo}&quot;,&quot;subscriptions_url&quot;:&quot;https://api.github.com/users/cloudfour/subscriptions&quot;,&quot;organizations_url&quot;:&quot;https://api.github.com/users/cloudfour/orgs&quot;,&quot;repos_url&quot;:&quot;https://api.github.com/users/cloudfour/repos&quot;,&quot;events_url&quot;:&quot;https://api.github.com/users/cloudfour/events{/privacy}&quot;,&quot;received_events_url&quot;:&quot;https://api.github.com/users/cloudfour/received_events&quot;,&quot;type&quot;:&quot;Organization&quot;,&quot;site_admin&quot;:false},&quot;private&quot;:false,&quot;html_url&quot;:&quot;https://github.com/cloudfour/SimpleSlideView&quot;,&quot;description&quot;:&quot;A nifty little jQuery or Zepto plugin for the simplest of sliding views.&quot;,&quot;fork&quot;:false,&quot;url&quot;:&quot;https://api.github.com/repos/cloudfour/SimpleSlideView&quot;,&quot;forks_url&quot;:&quot;https://api.github.com/repos/cloudfour/SimpleSlideView/forks&quot;,&quot;keys_url&quot;:&quot;https://api.github.com/repos/cloudfour/SimpleSlideView/keys{/key_id}&quot;,&quot;collaborators_url&quot;:&quot;https://api.github.com/repos/cloudfour/SimpleSlideView/collaborators{/collaborator}&quot;,&quot;teams_url&quot;:&quot;https://api.github.com/repos/cloudfour/SimpleSlideView/teams&quot;,&quot;hooks_url&quot;:&quot;https://api.github.com/repos/cloudfour/SimpleSlideView/hooks&quot;,&quot;issue_events_url&quot;:&quot;https://api.github.com/repos/cloudfour/SimpleSlideView/issues/events{/number}&quot;,&quot;events_url&quot;:&quot;https://api.github.com/repos/cloudfour/SimpleSlideView/events&quot;,&quot;assignees_url&quot;:&quot;https://api.github.com/repos/cloudfour/SimpleSlideView/assignees{/user}&quot;,&quot;branches_url&quot;:&quot;https://api.github.com/repos/cloudfour/SimpleSlideView/branches{/branch}&quot;,&quot;tags_url&quot;:&quot;https://api.github.com/repos/cloudfour/SimpleSlideView/tags&quot;,&quot;blobs_url&quot;:&quot;https://api.github.com/repos/cloudfour/SimpleSlideView/git/blobs{/sha}&quot;,&quot;git_tags_url&quot;:&quot;https://api.github.com/repos/cloudfour/SimpleSlideView/git/tags{/sha}&quot;,&quot;git_refs_url&quot;:&quot;https://api.github.com/repos/cloudfour/SimpleSlideView/git/refs{/sha}&quot;,&quot;trees_url&quot;:&quot;https://api.github.com/repos/cloudfour/SimpleSlideView/git/trees{/sha}&quot;,&quot;statuses_url&quot;:&quot;https://api.github.com/repos/cloudfour/SimpleSlideView/statuses/{sha}&quot;,&quot;languages_url&quot;:&quot;https://api.github.com/repos/cloudfour/SimpleSlideView/languages&quot;,&quot;stargazers_url&quot;:&quot;https://api.github.com/repos/cloudfour/SimpleSlideView/stargazers&quot;,&quot;contributors_url&quot;:&quot;https://api.github.com/repos/cloudfour/SimpleSlideView/contributors&quot;,&quot;subscribers_url&quot;:&quot;https://api.github.com/repos/cloudfour/SimpleSlideView/subscribers&quot;,&quot;subscription_url&quot;:&quot;https://api.github.com/repos/cloudfour/SimpleSlideView/subscription&quot;,&quot;commits_url&quot;:&quot;https://api.github.com/repos/cloudfour/SimpleSlideView/commits{/sha}&quot;,&quot;git_commits_url&quot;:&quot;https://api.github.com/repos/cloudfour/SimpleSlideView/git/commits{/sha}&quot;,&quot;comments_url&quot;:&quot;https://api.github.com/repos/cloudfour/SimpleSlideView/comments{/number}&quot;,&quot;issue_comment_url&quot;:&quot;https://api.github.com/repos/cloudfour/SimpleSlideView/issues/comments{/number}&quot;,&quot;contents_url&quot;:&quot;https://api.github.com/repos/cloudfour/SimpleSlideView/contents/{+path}&quot;,&quot;compare_url&quot;:&quot;https://api.github.com/repos/cloudfour/SimpleSlideView/compare/{base}...{head}&quot;,&quot;merges_url&quot;:&quot;https://api.github.com/repos/cloudfour/SimpleSlideView/merges&quot;,&quot;archive_url&quot;:&quot;https://api.github.com/repos/cloudfour/SimpleSlideView/{archive_format}{/ref}&quot;,&quot;downloads_url&quot;:&quot;https://api.github.com/repos/cloudfour/SimpleSlideView/downloads&quot;,&quot;issues_url&quot;:&quot;https://api.github.com/repos/cloudfour/SimpleSlideView/issues{/number}&quot;,&quot;pulls_url&quot;:&quot;https://api.github.com/repos/cloudfour/SimpleSlideView/pulls{/number}&quot;,&quot;milestones_url&quot;:&quot;https://api.github.com/repos/cloudfour/SimpleSlideView/milestones{/number}&quot;,&quot;notifications_url&quot;:&quot;https://api.github.com/repos/cloudfour/SimpleSlideView/notifications{?since,all,participating}&quot;,&quot;labels_url&quot;:&quot;https://api.github.com/repos/cloudfour/SimpleSlideView/labels{/name}&quot;,&quot;releases_url&quot;:&quot;https://api.github.com/repos/cloudfour/SimpleSlideView/releases{/id}&quot;,&quot;deployments_url&quot;:&quot;https://api.github.com/repos/cloudfour/SimpleSlideView/deployments&quot;,&quot;created_at&quot;:&quot;2013-06-21T19:20:16Z&quot;,&quot;updated_at&quot;:&quot;2018-04-04T01:20:31Z&quot;,&quot;pushed_at&quot;:&quot;2015-12-30T19:42:18Z&quot;,&quot;git_url&quot;:&quot;git://github.com/cloudfour/SimpleSlideView.git&quot;,&quot;ssh_url&quot;:&quot;git@github.com:cloudfour/SimpleSlideView.git&quot;,&quot;clone_url&quot;:&quot;https://github.com/cloudfour/SimpleSlideView.git&quot;,&quot;svn_url&quot;:&quot;https://github.com/cloudfour/SimpleSlideView&quot;,&quot;homepage&quot;:&quot;http://blog.cloudfour.com/simpleslideview/&quot;,&quot;size&quot;:235,&quot;stargazers_count&quot;:263,&quot;watchers_count&quot;:263,&quot;language&quot;:&quot;HTML&quot;,&quot;has_issues&quot;:true,&quot;has_projects&quot;:true,&quot;has_downloads&quot;:true,&quot;has_wiki&quot;:true,&quot;has_pages&quot;:true,&quot;forks_count&quot;:29,&quot;mirror_url&quot;:null,&quot;archived&quot;:false,&quot;open_issues_count&quot;:6,&quot;license&quot;:null,&quot;forks&quot;:29,&quot;open_issues&quot;:6,&quot;watchers&quot;:263,&quot;default_branch&quot;:&quot;master&quot;,&quot;score&quot;:54.35919},{&quot;id&quot;:16198930,&quot;name&quot;:&quot;jquery&quot;,&quot;full_name&quot;:&quot;gopherjs/jquery&quot;,&quot;owner&quot;:{&quot;login&quot;:&quot;gopherjs&quot;,&quot;id&quot;:6654647,&quot;avatar_url&quot;:&quot;https://avatars2.githubusercontent.com/u/6654647?v=4&quot;,&quot;gravatar_id&quot;:&quot;&quot;,&quot;url&quot;:&quot;https://api.github.com/users/gopherjs&quot;,&quot;html_url&quot;:&quot;https://github.com/gopherjs&quot;,&quot;followers_url&quot;:&quot;https://api.github.com/users/gopherjs/followers&quot;,&quot;following_url&quot;:&quot;https://api.github.com/users/gopherjs/following{/other_user}&quot;,&quot;gists_url&quot;:&quot;https://api.github.com/users/gopherjs/gists{/gist_id}&quot;,&quot;starred_url&quot;:&quot;https://api.github.com/users/gopherjs/starred{/owner}{/repo}&quot;,&quot;subscriptions_url&quot;:&quot;https://api.github.com/users/gopherjs/subscriptions&quot;,&quot;organizations_url&quot;:&quot;https://api.github.com/users/gopherjs/orgs&quot;,&quot;repos_url&quot;:&quot;https://api.github.com/users/gopherjs/repos&quot;,&quot;events_url&quot;:&quot;https://api.github.com/users/gopherjs/events{/privacy}&quot;,&quot;received_events_url&quot;:&quot;https://api.github.com/users/gopherjs/received_events&quot;,&quot;type&quot;:&quot;Organization&quot;,&quot;site_admin&quot;:false},&quot;private&quot;:false,&quot;html_url&quot;:&quot;https://github.com/gopherjs/jquery&quot;,&quot;description&quot;:&quot;GopherJS Bindings for jQuery&quot;,&quot;fork&quot;:false,&quot;url&quot;:&quot;https://api.github.com/repos/gopherjs/jquery&quot;,&quot;forks_url&quot;:&quot;https://api.github.com/repos/gopherjs/jquery/forks&quot;,&quot;keys_url&quot;:&quot;https://api.github.com/repos/gopherjs/jquery/keys{/key_id}&quot;,&quot;collaborators_url&quot;:&quot;https://api.github.com/repos/gopherjs/jquery/collaborators{/collaborator}&quot;,&quot;teams_url&quot;:&quot;https://api.github.com/repos/gopherjs/jquery/teams&quot;,&quot;hooks_url&quot;:&quot;https://api.github.com/repos/gopherjs/jquery/hooks&quot;,&quot;issue_events_url&quot;:&quot;https://api.github.com/repos/gopherjs/jquery/issues/events{/number}&quot;,&quot;events_url&quot;:&quot;https://api.github.com/repos/gopherjs/jquery/events&quot;,&quot;assignees_url&quot;:&quot;https://api.github.com/repos/gopherjs/jquery/assignees{/user}&quot;,&quot;branches_url&quot;:&quot;https://api.github.com/repos/gopherjs/jquery/branches{/branch}&quot;,&quot;tags_url&quot;:&quot;https://api.github.com/repos/gopherjs/jquery/tags&quot;,&quot;blobs_url&quot;:&quot;https://api.github.com/repos/gopherjs/jquery/git/blobs{/sha}&quot;,&quot;git_tags_url&quot;:&quot;https://api.github.com/repos/gopherjs/jquery/git/tags{/sha}&quot;,&quot;git_refs_url&quot;:&quot;https://api.github.com/repos/gopherjs/jquery/git/refs{/sha}&quot;,&quot;trees_url&quot;:&quot;https://api.github.com/repos/gopherjs/jquery/git/trees{/sha}&qu
[...]
ot;https://api.github.com/repos/benpickles/peity/pulls{/number}&quot;,&quot;milestones_url&quot;:&quot;https://api.github.com/repos/benpickles/peity/milestones{/number}&quot;,&quot;notifications_url&quot;:&quot;https://api.github.com/repos/benpickles/peity/notifications{?since,all,participating}&quot;,&quot;labels_url&quot;:&quot;https://api.github.com/repos/benpickles/peity/labels{/name}&quot;,&quot;releases_url&quot;:&quot;https://api.github.com/repos/benpickles/peity/releases{/id}&quot;,&quot;deployments_url&quot;:&quot;https://api.github.com/repos/benpickles/peity/deployments&quot;,&quot;created_at&quot;:&quot;2009-11-20T13:49:20Z&quot;,&quot;updated_at&quot;:&quot;2018-05-13T23:00:44Z&quot;,&quot;pushed_at&quot;:&quot;2018-02-04T09:14:45Z&quot;,&quot;git_url&quot;:&quot;git://github.com/benpickles/peity.git&quot;,&quot;ssh_url&quot;:&quot;git@github.com:benpickles/peity.git&quot;,&quot;clone_url&quot;:&quot;https://github.com/benpickles/peity.git&quot;,&quot;svn_url&quot;:&quot;https://github.com/benpickles/peity&quot;,&quot;homepage&quot;:&quot;http://benpickles.github.io/peity&quot;,&quot;size&quot;:377,&quot;stargazers_count&quot;:4027,&quot;watchers_count&quot;:4027,&quot;language&quot;:&quot;HTML&quot;,&quot;has_issues&quot;:true,&quot;has_projects&quot;:true,&quot;has_downloads&quot;:true,&quot;has_wiki&quot;:false,&quot;has_pages&quot;:true,&quot;forks_count&quot;:394,&quot;mirror_url&quot;:null,&quot;archived&quot;:false,&quot;open_issues_count&quot;:21,&quot;license&quot;:{&quot;key&quot;:&quot;mit&quot;,&quot;name&quot;:&quot;MIT License&quot;,&quot;spdx_id&quot;:&quot;MIT&quot;,&quot;url&quot;:&quot;https://api.github.com/licenses/mit&quot;},&quot;forks&quot;:394,&quot;open_issues&quot;:21,&quot;watchers&quot;:4027,&quot;default_branch&quot;:&quot;master&quot;,&quot;score&quot;:42.310215},{&quot;id&quot;:4030134,&quot;name&quot;:&quot;jQuery-rwdImageMaps&quot;,&quot;full_name&quot;:&quot;stowball/jQuery-rwdImageMaps&quot;,&quot;owner&quot;:{&quot;login&quot;:&quot;stowball&quot;,&quot;id&quot;:853552,&quot;avatar_url&quot;:&quot;https://avatars3.githubusercontent.com/u/853552?v=4&quot;,&quot;gravatar_id&quot;:&quot;&quot;,&quot;url&quot;:&quot;https://api.github.com/users/stowball&quot;,&quot;html_url&quot;:&quot;https://github.com/stowball&quot;,&quot;followers_url&quot;:&quot;https://api.github.com/users/stowball/followers&quot;,&quot;following_url&quot;:&quot;https://api.github.com/users/stowball/following{/other_user}&quot;,&quot;gists_url&quot;:&quot;https://api.github.com/users/stowball/gists{/gist_id}&quot;,&quot;starred_url&quot;:&quot;https://api.github.com/users/stowball/starred{/owner}{/repo}&quot;,&quot;subscriptions_url&quot;:&quot;https://api.github.com/users/stowball/subscriptions&quot;,&quot;organizations_url&quot;:&quot;https://api.github.com/users/stowball/orgs&quot;,&quot;repos_url&quot;:&quot;https://api.github.com/users/stowball/repos&quot;,&quot;events_url&quot;:&quot;https://api.github.com/users/stowball/events{/privacy}&quot;,&quot;received_events_url&quot;:&quot;https://api.github.com/users/stowball/received_events&quot;,&quot;type&quot;:&quot;User&quot;,&quot;site_admin&quot;:false},&quot;private&quot;:false,&quot;html_url&quot;:&quot;https://github.com/stowball/jQuery-rwdImageMaps&quot;,&quot;description&quot;:&quot;Responsive Image Maps jQuery Plugin&quot;,&quot;fork&quot;:false,&quot;url&quot;:&quot;https://api.github.com/repos/stowball/jQuery-rwdImageMaps&quot;,&quot;forks_url&quot;:&quot;https://api.github.com/repos/stowball/jQuery-rwdImageMaps/forks&quot;,&quot;keys_url&quot;:&quot;https://api.github.com/repos/stowball/jQuery-rwdImageMaps/keys{/key_id}&quot;,&quot;collaborators_url&quot;:&quot;https://api.github.com/repos/stowball/jQuery-rwdImageMaps/collaborators{/collaborator}&quot;,&quot;teams_url&quot;:&quot;https://api.github.com/repos/stowball/jQuery-rwdImageMaps/teams&quot;,&quot;hooks_url&quot;:&quot;https://api.github.com/repos/stowball/jQuery-rwdImageMaps/hooks&quot;,&quot;issue_events_url&quot;:&quot;https://api.github.com/repos/stowball/jQuery-rwdImageMaps/issues/events{/number}&quot;,&quot;events_url&quot;:&quot;https://api.github.com/repos/stowball/jQuery-rwdImageMaps/events&quot;,&quot;assignees_url&quot;:&quot;https://api.github.com/repos/stowball/jQuery-rwdImageMaps/assignees{/user}&quot;,&quot;branches_url&quot;:&quot;https://api.github.com/repos/stowball/jQuery-rwdImageMaps/branches{/branch}&quot;,&quot;tags_url&quot;:&quot;https://api.github.com/repos/stowball/jQuery-rwdImageMaps/tags&quot;,&quot;blobs_url&quot;:&quot;https://api.github.com/repos/stowball/jQuery-rwdImageMaps/git/blobs{/sha}&quot;,&quot;git_tags_url&quot;:&quot;https://api.github.com/repos/stowball/jQuery-rwdImageMaps/git/tags{/sha}&quot;,&quot;git_refs_url&quot;:&quot;https://api.github.com/repos/stowball/jQuery-rwdImageMaps/git/refs{/sha}&quot;,&quot;trees_url&quot;:&quot;https://api.github.com/repos/stowball/jQuery-rwdImageMaps/git/trees{/sha}&quot;,&quot;statuses_url&quot;:&quot;https://api.github.com/repos/stowball/jQuery-rwdImageMaps/statuses/{sha}&quot;,&quot;languages_url&quot;:&quot;https://api.github.com/repos/stowball/jQuery-rwdImageMaps/languages&quot;,&quot;stargazers_url&quot;:&quot;https://api.github.com/repos/stowball/jQuery-rwdImageMaps/stargazers&quot;,&quot;contributors_url&quot;:&quot;https://api.github.com/repos/stowball/jQuery-rwdImageMaps/contributors&quot;,&quot;subscribers_url&quot;:&quot;https://api.github.com/repos/stowball/jQuery-rwdImageMaps/subscribers&quot;,&quot;subscription_url&quot;:&quot;https://api.github.com/repos/stowball/jQuery-rwdImageMaps/subscription&quot;,&quot;commits_url&quot;:&quot;https://api.github.com/repos/stowball/jQuery-rwdImageMaps/commits{/sha}&quot;,&quot;git_commits_url&quot;:&quot;https://api.github.com/repos/stowball/jQuery-rwdImageMaps/git/commits{/sha}&quot;,&quot;comments_url&quot;:&quot;https://api.github.com/repos/stowball/jQuery-rwdImageMaps/comments{/number}&quot;,&quot;issue_comment_url&quot;:&quot;https://api.github.com/repos/stowball/jQuery-rwdImageMaps/issues/comments{/number}&quot;,&quot;contents_url&quot;:&quot;https://api.github.com/repos/stowball/jQuery-rwdImageMaps/contents/{+path}&quot;,&quot;compare_url&quot;:&quot;https://api.github.com/repos/stowball/jQuery-rwdImageMaps/compare/{base}...{head}&quot;,&quot;merges_url&quot;:&quot;https://api.github.com/repos/stowball/jQuery-rwdImageMaps/merges&quot;,&quot;archive_url&quot;:&quot;https://api.github.com/repos/stowball/jQuery-rwdImageMaps/{archive_format}{/ref}&quot;,&quot;downloads_url&quot;:&quot;https://api.github.com/repos/stowball/jQuery-rwdImageMaps/downloads&quot;,&quot;issues_url&quot;:&quot;https://api.github.com/repos/stowball/jQuery-rwdImageMaps/issues{/number}&quot;,&quot;pulls_url&quot;:&quot;https://api.github.com/repos/stowball/jQuery-rwdImageMaps/pulls{/number}&quot;,&quot;milestones_url&quot;:&quot;https://api.github.com/repos/stowball/jQuery-rwdImageMaps/milestones{/number}&quot;,&quot;notifications_url&quot;:&quot;https://api.github.com/repos/stowball/jQuery-rwdImageMaps/notifications{?since,all,participating}&quot;,&quot;labels_url&quot;:&quot;https://api.github.com/repos/stowball/jQuery-rwdImageMaps/labels{/name}&quot;,&quot;releases_url&quot;:&quot;https://api.github.com/repos/stowball/jQuery-rwdImageMaps/releases{/id}&quot;,&quot;deployments_url&quot;:&quot;https://api.github.com/repos/stowball/jQuery-rwdImageMaps/deployments&quot;,&quot;created_at&quot;:&quot;2012-04-15T05:55:49Z&quot;,&quot;updated_at&quot;:&quot;2018-05-16T20:13:13Z&quot;,&quot;pushed_at&quot;:&quot;2018-03-10T07:24:45Z&quot;,&quot;git_url&quot;:&quot;git://github.com/stowball/jQuery-rwdImageMaps.git&quot;,&quot;ssh_url&quot;:&quot;git@github.com:stowball/jQuery-rwdImageMaps.git&quot;,&quot;clone_url&quot;:&quot;https://github.com/stowball/jQuery-rwdImageMaps.git&quot;,&quot;svn_url&quot;:&quot;https://github.com/stowball/jQuery-rwdImageMaps&quot;,&quot;homepage&quot;:&quot;http://mattstow.com&quot;,&quot;size&quot;:136,&quot;stargazers_count&quot;:1252,&quot;watchers_count&quot;:1252,&quot;language&quot;:&quot;JavaScript&quot;,&quot;has_issues&quot;:true,&quot;has_projects&quot;:true,&quot;has_downloads&quot;:true,&quot;has_wiki&quot;:true,&quot;has_pages&quot;:false,&quot;forks_count&quot;:533,&quot;mirror_url&quot;:null,&quot;archived&quot;:false,&quot;open_issues_count&quot;:63,&quot;license&quot;:{&quot;key&quot;:&quot;mit&quot;,&quot;name&quot;:&quot;MIT License&quot;,&quot;spdx_id&quot;:&quot;MIT&quot;,&quot;url&quot;:&quot;https://api.github.com/licenses/mit&quot;},&quot;forks&quot;:533,&quot;open_issues&quot;:63,&quot;watchers&quot;:1252,&quot;default_branch&quot;:&quot;master&quot;,&quot;score&quot;:42.260826},{&quot;id&quot;:3627034,&quot;name&quot;:&quot;unslider&quot;,&quot;full_name&quot;:&quot;idiot/unslider&quot;,&quot;owner&quot;:{&quot;login&quot;:&quot;idiot&quot;,&quot;id&quot;:514769,&quot;avatar_url&quot;:&quot;https://avatars0.githubusercontent.com/u/514769?v=4&quot;,&quot;gravatar_id&quot;:&quot;&quot;,&quot;url&quot;:&quot;https://api.github.com/users/idiot&quot;,&quot;html_url&quot;:&quot;https://github.com/idiot&quot;,&quot;followers_url&quot;:&quot;https://api.github.com/users/idiot/followers&quot;,&quot;following_url&quot;:&quot;https://api.github.com/users/idiot/following{/other_user}&quot;,&quot;gists_url&quot;:&quot;https://api.github.com/users/idiot/gists{/gist_id}&quot;,&quot;starred_url&quot;:&quot;https://api.github.com/users/idiot/starred{/owner}{/repo}&quot;,&quot;subscriptions_url&quot;:&quot;https://api.github.com/users/idiot/subscriptions&quot;,&quot;organizations_url&quot;:&quot;https://api.github.com/users/idiot/orgs&quot;,&quot;repos_url&quot;:&quot;https://api.github.com/users/idiot/repos&quot;,&quot;events_url&quot;:&quot;https://api.github.com/users/idiot/events{/privacy}&quot;,&quot;received_events_url&quot;:&quot;https://api.github.com/users/idiot/received_events&quot;,&quot;type&quot;:&quot;User&quot;,&quot;site_admin&quot;:false},&quot;private&quot;:false,&quot;html_url&quot;:&quot;https://github.com/idiot/unslider&quot;,&quot;description&quot;:&quot;A very simple jQuery slider.&quot;,&quot;fork&quot;:false,&quot;url&quot;:&quot;https://api.github.com/repos/idiot/unslider&quot;,&quot;forks_url&quot;:&quot;https://api.github.com/repos/idiot/unslider/forks&quot;,&quot;keys_url&quot;:&quot;https://api.github.com/repos/idiot/unslider/keys{/key_id}&quot;,&quot;collaborators_url&quot;:&quot;https://api.github.com/repos/idiot/unslider/collaborators{/collaborator}&quot;,&quot;teams_url&quot;:&quot;https://api.github.com/repos/idiot/unslider/teams&quot;,&quot;hooks_url&quot;:&quot;https://api.github.com/repos/idiot/unslider/hooks&quot;,&quot;issue_events_url&quot;:&quot;https://api.github.com/repos/idiot/unslider/issues/events{/number}&quot;,&quot;events_url&quot;:&quot;https://api.github.com/repos/idiot/unslider/events&quot;,&quot;assignees_url&quot;:&quot;https://api.github.com/repos/idiot/unslider/assignees{/user}&quot;,&quot;branches_url&quot;:&quot;https://api.github.com/repos/idiot/unslider/branches{/branch}&quot;,&quot;tags_url&quot;:&quot;https://api.github.com/repos/idiot/unslider/tags&quot;,&quot;blobs_url&quot;:&quot;https://api.github.com/repos/idiot/unslider/git/blobs{/sha}&quot;,&quot;git_tags_url&quot;:&quot;https://api.github.com/repos/idiot/unslider/git/tags{/sha}&quot;,&quot;git_refs_url&quot;:&quot;https://api.github.com/repos/idiot/unslider/git/refs{/sha}&quot;,&quot;trees_url&quot;:&quot;https://api.github.com/repos/idiot/unslider/git/trees{/sha}&quot;,&quot;statuses_url&quot;:&quot;https://api.github.com/repos/idiot/unslider/statuses/{sha}&quot;,&quot;languages_url&quot;:&quot;https://api.github.com/repos/idiot/unslider/languages&quot;,&quot;stargazers_url&quot;:&quot;https://api.github.com/repos/idiot/unslider/stargazers&quot;,&quot;contributors_url&quot;:&quot;https://api.github.com/repos/idiot/unslider/contributors&quot;,&quot;subscribers_url&quot;:&quot;https://api.github.com/repos/idiot/unslider/subscribers&quot;,&quot;subscription_url&quot;:&quot;https://api.github.com/repos/idiot/unslider/subscription&quot;,&quot;commits_url&quot;:&quot;https://api.github.com/repos/idiot/unslider/commits{/sha}&quot;,&quot;git_commits_url&quot;:&quot;https://api.github.com/repos/idiot/unslider/git/commits{/sha}&quot;,&quot;comments_url&quot;:&quot;https://api.github.com/repos/idiot/unslider/comments{/number}&quot;,&quot;issue_comment_url&quot;:&quot;https://api.github.com/repos/idiot/unslider/issues/comments{/number}&quot;,&quot;contents_url&quot;:&quot;https://api.github.com/repos/idiot/unslider/contents/{+path}&quot;,&quot;compare_url&quot;:&quot;https://api.github.com/repos/idiot/unslider/compare/{base}...{head}&quot;,&quot;merges_url&quot;:&quot;https://api.github.com/repos/idiot/unslider/merges&quot;,&quot;archive_url&quot;:&quot;https://api.github.com/repos/idiot/unslider/{archive_format}{/ref}&quot;,&quot;downloads_url&quot;:&quot;https://api.github.com/repos/idiot/unslider/downloads&quot;,&quot;issues_url&quot;:&quot;https://api.github.com/repos/idiot/unslider/issues{/number}&quot;,&quot;pulls_url&quot;:&quot;https://api.github.com/repos/idiot/unslider/pulls{/number}&quot;,&quot;milestones_url&quot;:&quot;https://api.github.com/repos/idiot/unslider/milestones{/number}&quot;,&quot;notifications_url&quot;:&quot;https://api.github.com/repos/idiot/unslider/notifications{?since,all,participating}&quot;,&quot;labels_url&quot;:&quot;https://api.github.com/repos/idiot/unslider/labels{/name}&quot;,&quot;releases_url&quot;:&quot;https://api.github.com/repos/idiot/unslider/releases{/id}&quot;,&quot;deployments_url&quot;:&quot;https://api.github.com/repos/idiot/unslider/deployments&quot;,&quot;created_at&quot;:&quot;2012-03-05T13:02:02Z&quot;,&quot;updated_at&quot;:&quot;2018-05-15T04:15:46Z&quot;,&quot;pushed_at&quot;:&quot;2018-05-04T08:54:17Z&quot;,&quot;git_url&quot;:&quot;git://github.com/idiot/unslider.git&quot;,&quot;ssh_url&quot;:&quot;git@github.com:idiot/unslider.git&quot;,&quot;clone_url&quot;:&quot;https://github.com/idiot/unslider.git&quot;,&quot;svn_url&quot;:&quot;https://github.com/idiot/unslider&quot;,&quot;homepage&quot;:&quot;http://idiot.github.io/unslider/&quot;,&quot;size&quot;:1057,&quot;stargazers_count&quot;:4256,&quot;watchers_count&quot;:4256,&quot;language&quot;:&quot;JavaScript&quot;,&quot;has_issues&quot;:true,&quot;has_projects&quot;:true,&quot;has_downloads&quot;:true,&quot;has_wiki&quot;:true,&quot;has_pages&quot;:true,&quot;forks_count&quot;:1712,&quot;mirror_url&quot;:null,&quot;archived&quot;:false,&quot;open_issues_count&quot;:38,&quot;license&quot;:null,&quot;forks&quot;:1712,&quot;open_issues&quot;:38,&quot;watchers&quot;:4256,&quot;default_branch&quot;:&quot;master&quot;,&quot;score&quot;:42.2515}]}),WrappedArray())))))
	at play.api.libs.json.JsReadable.$anonfun$as$2(JsReadable.scala:25)
	at play.api.libs.json.JsError.fold(JsResult.scala:56)
	at play.api.libs.json.JsReadable.as(JsReadable.scala:24)
	at play.api.libs.json.JsReadable.as$(JsReadable.scala:23)
	at play.api.libs.json.JsUndefined.as(JsLookup.scala:181)
	at com.github.api.search.repositories.GithubSearchSpec.$anonfun$new$4(GithubSearchSpec.scala:38)
	at org.scalatest.OutcomeOf.outcomeOf(OutcomeOf.scala:85)
	at org.scalatest.OutcomeOf.outcomeOf$(OutcomeOf.scala:83)
	at org.scalatest.OutcomeOf$.outcomeOf(OutcomeOf.scala:104)
	at org.scalatest.Transformer.apply(Transformer.scala:22)
	at org.scalatest.Transformer.apply(Transformer.scala:20)
	at org.scalatest.FunSpecLike$$anon$1.apply(FunSpecLike.scala:454)
	at org.scalatest.TestSuite.withFixture(TestSuite.scala:196)
	at org.scalatest.TestSuite.withFixture$(TestSuite.scala:195)
	at org.scalatest.FunSpec.withFixture(FunSpec.scala:1630)
	at org.scalatest.FunSpecLike.invokeWithFixture$1(FunSpecLike.scala:452)
	at org.scalatest.FunSpecLike.$anonfun$runTest$1(FunSpecLike.scala:464)
	at org.scalatest.SuperEngine.runTestImpl(Engine.scala:289)
	at org.scalatest.FunSpecLike.runTest(FunSpecLike.scala:464)
	at org.scalatest.FunSpecLike.runTest$(FunSpecLike.scala:446)
	at org.scalatest.FunSpec.runTest(FunSpec.scala:1630)
	at org.scalatest.FunSpecLike.$anonfun$runTests$1(FunSpecLike.scala:497)
	at org.scalatest.SuperEngine.$anonfun$runTestsInBranch$1(Engine.scala:396)
	at scala.collection.immutable.List.foreach(List.scala:389)
	at org.scalatest.SuperEngine.traverseSubNodes$1(Engine.scala:384)
	at org.scalatest.SuperEngine.runTestsInBranch(Engine.scala:373)
	at org.scalatest.SuperEngine.$anonfun$runTestsInBranch$1(Engine.scala:410)
	at scala.collection.immutable.List.foreach(List.scala:389)
	at org.scalatest.SuperEngine.traverseSubNodes$1(Engine.scala:384)
	at org.scalatest.SuperEngine.runTestsInBranch(Engine.scala:379)
	at org.scalatest.SuperEngine.runTestsImpl(Engine.scala:461)
	at org.scalatest.FunSpecLike.runTests(FunSpecLike.scala:497)
	at org.scalatest.FunSpecLike.runTests$(FunSpecLike.scala:496)
	at org.scalatest.FunSpec.runTests(FunSpec.scala:1630)
	at org.scalatest.Suite.run(Suite.scala:1147)
	at org.scalatest.Suite.run$(Suite.scala:1129)
	at org.scalatest.FunSpec.org$scalatest$FunSpecLike$$super$run(FunSpec.scala:1630)
	at org.scalatest.FunSpecLike.$anonfun$run$1(FunSpecLike.scala:501)
	at org.scalatest.SuperEngine.runImpl(Engine.scala:521)
	at org.scalatest.FunSpecLike.run(FunSpecLike.scala:501)
	at org.scalatest.FunSpecLike.run$(FunSpecLike.scala:500)
	at org.scalatest.FunSpec.run(FunSpec.scala:1630)
	at org.scalatest.tools.Framework.org$scalatest$tools$Framework$$runSuite(Framework.scala:314)
	at org.scalatest.tools.Framework$ScalaTestTask.execute(Framework.scala:507)
	at sbt.TestRunner.runTest$1(TestFramework.scala:106)
	at sbt.TestRunner.run(TestFramework.scala:117)
	at sbt.TestFramework$$anon$2$$anonfun$$lessinit$greater$1.$anonfun$apply$1(TestFramework.scala:262)
	at sbt.TestFramework$.sbt$TestFramework$$withContextLoader(TestFramework.scala:233)
	at sbt.TestFramework$$anon$2$$anonfun$$lessinit$greater$1.apply(TestFramework.scala:262)
	at sbt.TestFramework$$anon$2$$anonfun$$lessinit$greater$1.apply(TestFramework.scala:262)
	at sbt.TestFunction.apply(TestFramework.scala:271)
	at sbt.Tests$.processRunnable$1(Tests.scala:307)
	at sbt.Tests$.$anonfun$makeSerial$1(Tests.scala:313)
	at sbt.std.Transform$$anon$3.$anonfun$apply$2(System.scala:46)
	at sbt.std.Transform$$anon$4.work(System.scala:66)
	at sbt.Execute.$anonfun$submit$2(Execute.scala:263)
	at sbt.internal.util.ErrorHandling$.wideConvert(ErrorHandling.scala:16)
	at sbt.Execute.work(Execute.scala:272)
	at sbt.Execute.$anonfun$submit$1(Execute.scala:263)
	at sbt.ConcurrentRestrictions$$anon$4.$anonfun$submitValid$1(ConcurrentRestrictions.scala:174)
	at sbt.CompletionService$$anon$2.call(CompletionService.scala:37)
	at java.util.concurrent.FutureTask.run(FutureTask.java:266)
	at java.util.concurrent.Executors$RunnableAdapter.call(Executors.java:511)
	at java.util.concurrent.FutureTask.run(FutureTask.java:266)
	at java.util.concurrent.ThreadPoolExecutor.runWorker(ThreadPoolExecutor.java:1142)
	at java.util.concurrent.ThreadPoolExecutor$Worker.run(ThreadPoolExecutor.java:617)
	at java.lang.Thread.run(Thread.java:745)
</failure>
                                               </testcase><testcase classname="com.github.api.search.repositories.GithubSearchSpec" name="Searching repos for pages should should have 30 repos in page 1" time="0.449">
                                                 
                                               </testcase><testcase classname="com.github.api.search.repositories.GithubSearchSpec" name="Searching repos for pages should rate limit" time="0.534">
                                                 <failure type="scala.util.control.BreakControl">scala.util.control.BreakControl
</failure>
                                               </testcase>
                     <system-out><![CDATA[]]></system-out>
                     <system-err><![CDATA[]]></system-err>
                   </testsuite>